{"C:\\Users\\piyus\\Downloads\\EarthPulse\\src\\App.tsx": {"path":"C:\\Users\\piyus\\Downloads\\EarthPulse\\src\\App.tsx","statementMap":{"0":{"start":{"line":11,"column":6},"end":{"line":11,"column":null}},"1":{"start":{"line":11,"column":30},"end":{"line":11,"column":null}},"2":{"start":{"line":12,"column":6},"end":{"line":12,"column":null}},"3":{"start":{"line":12,"column":30},"end":{"line":12,"column":null}},"4":{"start":{"line":13,"column":6},"end":{"line":13,"column":null}},"5":{"start":{"line":13,"column":31},"end":{"line":13,"column":null}},"6":{"start":{"line":14,"column":6},"end":{"line":14,"column":null}},"7":{"start":{"line":14,"column":30},"end":{"line":14,"column":null}},"8":{"start":{"line":24,"column":6},"end":{"line":120,"column":null}},"9":{"start":{"line":25,"column":21},"end":{"line":25,"column":null}},"10":{"start":{"line":26,"column":20},"end":{"line":26,"column":null}},"11":{"start":{"line":28,"column":58},"end":{"line":28,"column":null}},"12":{"start":{"line":36,"column":4},"end":{"line":37,"column":null}},"13":{"start":{"line":39,"column":8},"end":{"line":39,"column":null}},"14":{"start":{"line":42,"column":2},"end":{"line":42,"column":null}},"15":{"start":{"line":44,"column":8},"end":{"line":49,"column":null}},"16":{"start":{"line":45,"column":15},"end":{"line":45,"column":null}},"17":{"start":{"line":46,"column":4},"end":{"line":48,"column":null}},"18":{"start":{"line":47,"column":6},"end":{"line":47,"column":null}},"19":{"start":{"line":51,"column":8},"end":{"line":55,"column":null}},"20":{"start":{"line":52,"column":4},"end":{"line":52,"column":null}},"21":{"start":{"line":54,"column":4},"end":{"line":54,"column":null}},"22":{"start":{"line":54,"column":21},"end":{"line":54,"column":37}},"23":{"start":{"line":57,"column":8},"end":{"line":67,"column":null}},"24":{"start":{"line":58,"column":4},"end":{"line":58,"column":null}},"25":{"start":{"line":59,"column":4},"end":{"line":59,"column":null}},"26":{"start":{"line":60,"column":4},"end":{"line":60,"column":null}},"27":{"start":{"line":61,"column":4},"end":{"line":61,"column":null}},"28":{"start":{"line":62,"column":4},"end":{"line":62,"column":null}},"29":{"start":{"line":63,"column":4},"end":{"line":63,"column":null}},"30":{"start":{"line":64,"column":4},"end":{"line":66,"column":null}},"31":{"start":{"line":65,"column":6},"end":{"line":65,"column":null}},"32":{"start":{"line":69,"column":2},"end":{"line":118,"column":null}}},"fnMap":{"0":{"name":"(anonymous_0)","decl":{"start":{"line":11,"column":19},"end":{"line":11,"column":30}},"loc":{"start":{"line":11,"column":30},"end":{"line":11,"column":null}},"line":11},"1":{"name":"(anonymous_1)","decl":{"start":{"line":12,"column":19},"end":{"line":12,"column":30}},"loc":{"start":{"line":12,"column":30},"end":{"line":12,"column":null}},"line":12},"2":{"name":"(anonymous_2)","decl":{"start":{"line":13,"column":20},"end":{"line":13,"column":31}},"loc":{"start":{"line":13,"column":31},"end":{"line":13,"column":null}},"line":13},"3":{"name":"(anonymous_3)","decl":{"start":{"line":14,"column":19},"end":{"line":14,"column":30}},"loc":{"start":{"line":14,"column":30},"end":{"line":14,"column":null}},"line":14},"4":{"name":"(anonymous_4)","decl":{"start":{"line":24,"column":6},"end":{"line":24,"column":28}},"loc":{"start":{"line":24,"column":28},"end":{"line":120,"column":null}},"line":24},"5":{"name":"(anonymous_5)","decl":{"start":{"line":44,"column":22},"end":{"line":44,"column":35}},"loc":{"start":{"line":44,"column":51},"end":{"line":49,"column":5}},"line":44},"6":{"name":"(anonymous_6)","decl":{"start":{"line":51,"column":29},"end":{"line":51,"column":42}},"loc":{"start":{"line":51,"column":64},"end":{"line":55,"column":5}},"line":51},"7":{"name":"(anonymous_7)","decl":{"start":{"line":54,"column":4},"end":{"line":54,"column":21}},"loc":{"start":{"line":54,"column":21},"end":{"line":54,"column":37}},"line":54},"8":{"name":"(anonymous_8)","decl":{"start":{"line":57,"column":24},"end":{"line":57,"column":42}},"loc":{"start":{"line":57,"column":42},"end":{"line":67,"column":5}},"line":57},"9":{"name":"(anonymous_9)","decl":{"start":{"line":64,"column":4},"end":{"line":64,"column":21}},"loc":{"start":{"line":64,"column":21},"end":{"line":66,"column":7}},"line":64}},"branchMap":{"0":{"loc":{"start":{"line":46,"column":4},"end":{"line":48,"column":null}},"type":"if","locations":[{"start":{"line":46,"column":4},"end":{"line":48,"column":null}},{"start":{},"end":{}}],"line":46},"1":{"loc":{"start":{"line":75,"column":27},"end":{"line":75,"column":53}},"type":"binary-expr","locations":[{"start":{"line":75,"column":27},"end":{"line":75,"column":46}},{"start":{"line":75,"column":46},"end":{"line":75,"column":53}}],"line":75},"2":{"loc":{"start":{"line":109,"column":23},"end":{"line":109,"column":null}},"type":"binary-expr","locations":[{"start":{"line":109,"column":23},"end":{"line":109,"column":45}},{"start":{"line":109,"column":45},"end":{"line":109,"column":null}}],"line":109},"3":{"loc":{"start":{"line":110,"column":20},"end":{"line":110,"column":null}},"type":"binary-expr","locations":[{"start":{"line":110,"column":20},"end":{"line":110,"column":39}},{"start":{"line":110,"column":39},"end":{"line":110,"column":null}}],"line":110}},"s":{"0":0,"1":0,"2":0,"3":0,"4":0,"5":0,"6":0,"7":0,"8":0,"9":0,"10":0,"11":0,"12":0,"13":0,"14":0,"15":0,"16":0,"17":0,"18":0,"19":0,"20":0,"21":0,"22":0,"23":0,"24":0,"25":0,"26":0,"27":0,"28":0,"29":0,"30":0,"31":0,"32":0},"f":{"0":0,"1":0,"2":0,"3":0,"4":0,"5":0,"6":0,"7":0,"8":0,"9":0},"b":{"0":[0,0],"1":[0,0],"2":[0,0],"3":[0,0]},"meta":{"lastBranch":4,"lastFunction":10,"lastStatement":33,"seen":{"s:11:6:11:Infinity":0,"f:11:19:11:30":0,"s:11:30:11:Infinity":1,"s:12:6:12:Infinity":2,"f:12:19:12:30":1,"s:12:30:12:Infinity":3,"s:13:6:13:Infinity":4,"f:13:20:13:31":2,"s:13:31:13:Infinity":5,"s:14:6:14:Infinity":6,"f:14:19:14:30":3,"s:14:30:14:Infinity":7,"s:24:6:120:Infinity":8,"f:24:6:24:28":4,"s:25:21:25:Infinity":9,"s:26:20:26:Infinity":10,"s:28:58:28:Infinity":11,"s:36:4:37:Infinity":12,"s:39:8:39:Infinity":13,"s:42:2:42:Infinity":14,"s:44:8:49:Infinity":15,"f:44:22:44:35":5,"s:45:15:45:Infinity":16,"b:46:4:48:Infinity:undefined:undefined:undefined:undefined":0,"s:46:4:48:Infinity":17,"s:47:6:47:Infinity":18,"s:51:8:55:Infinity":19,"f:51:29:51:42":6,"s:52:4:52:Infinity":20,"s:54:4:54:Infinity":21,"f:54:4:54:21":7,"s:54:21:54:37":22,"s:57:8:67:Infinity":23,"f:57:24:57:42":8,"s:58:4:58:Infinity":24,"s:59:4:59:Infinity":25,"s:60:4:60:Infinity":26,"s:61:4:61:Infinity":27,"s:62:4:62:Infinity":28,"s:63:4:63:Infinity":29,"s:64:4:66:Infinity":30,"f:64:4:64:21":9,"s:65:6:65:Infinity":31,"s:69:2:118:Infinity":32,"b:75:27:75:46:75:46:75:53":1,"b:109:23:109:45:109:45:109:Infinity":2,"b:110:20:110:39:110:39:110:Infinity":3},"fnNames":{}}}
,"C:\\Users\\piyus\\Downloads\\EarthPulse\\src\\acts\\Act1Pulse.tsx": {"path":"C:\\Users\\piyus\\Downloads\\EarthPulse\\src\\acts\\Act1Pulse.tsx","statementMap":{"0":{"start":{"line":15,"column":6},"end":{"line":54,"column":null}},"1":{"start":{"line":17,"column":14},"end":{"line":17,"column":null}},"2":{"start":{"line":19,"column":2},"end":{"line":29,"column":null}},"3":{"start":{"line":21,"column":21},"end":{"line":26,"column":null}},"4":{"start":{"line":22,"column":6},"end":{"line":25,"column":null}},"5":{"start":{"line":23,"column":21},"end":{"line":23,"column":null}},"6":{"start":{"line":24,"column":8},"end":{"line":24,"column":null}},"7":{"start":{"line":28,"column":4},"end":{"line":28,"column":null}},"8":{"start":{"line":28,"column":17},"end":{"line":28,"column":null}},"9":{"start":{"line":31,"column":2},"end":{"line":52,"column":null}}},"fnMap":{"0":{"name":"(anonymous_0)","decl":{"start":{"line":15,"column":6},"end":{"line":15,"column":40}},"loc":{"start":{"line":15,"column":53},"end":{"line":54,"column":null}},"line":15},"1":{"name":"(anonymous_1)","decl":{"start":{"line":19,"column":2},"end":{"line":19,"column":18}},"loc":{"start":{"line":19,"column":18},"end":{"line":29,"column":5}},"line":19},"2":{"name":"(anonymous_2)","decl":{"start":{"line":21,"column":21},"end":{"line":21,"column":39}},"loc":{"start":{"line":21,"column":39},"end":{"line":26,"column":7}},"line":21},"3":{"name":"(anonymous_3)","decl":{"start":{"line":22,"column":6},"end":{"line":22,"column":14}},"loc":{"start":{"line":22,"column":23},"end":{"line":25,"column":7}},"line":22},"4":{"name":"(anonymous_4)","decl":{"start":{"line":28,"column":4},"end":{"line":28,"column":17}},"loc":{"start":{"line":28,"column":17},"end":{"line":28,"column":null}},"line":28}},"branchMap":{},"s":{"0":0,"1":0,"2":0,"3":0,"4":0,"5":0,"6":0,"7":0,"8":0,"9":0},"f":{"0":0,"1":0,"2":0,"3":0,"4":0},"b":{},"meta":{"lastBranch":0,"lastFunction":5,"lastStatement":10,"seen":{"s:15:6:54:Infinity":0,"f:15:6:15:40":0,"s:17:14:17:Infinity":1,"s:19:2:29:Infinity":2,"f:19:2:19:18":1,"s:21:21:26:Infinity":3,"f:21:21:21:39":2,"s:22:6:25:Infinity":4,"f:22:6:22:14":3,"s:23:21:23:Infinity":5,"s:24:8:24:Infinity":6,"s:28:4:28:Infinity":7,"f:28:4:28:17":4,"s:28:17:28:Infinity":8,"s:31:2:52:Infinity":9},"fnNames":{}}}
,"C:\\Users\\piyus\\Downloads\\EarthPulse\\src\\acts\\Act2Mirror.tsx": {"path":"C:\\Users\\piyus\\Downloads\\EarthPulse\\src\\acts\\Act2Mirror.tsx","statementMap":{"0":{"start":{"line":16,"column":6},"end":{"line":108,"column":null}},"1":{"start":{"line":23,"column":4},"end":{"line":24,"column":null}},"2":{"start":{"line":27,"column":8},"end":{"line":46,"column":null}},"3":{"start":{"line":28,"column":4},"end":{"line":30,"column":null}},"4":{"start":{"line":29,"column":6},"end":{"line":29,"column":null}},"5":{"start":{"line":31,"column":27},"end":{"line":31,"column":null}},"6":{"start":{"line":32,"column":20},"end":{"line":32,"column":null}},"7":{"start":{"line":38,"column":14},"end":{"line":38,"column":null}},"8":{"start":{"line":39,"column":14},"end":{"line":39,"column":null}},"9":{"start":{"line":40,"column":14},"end":{"line":40,"column":null}},"10":{"start":{"line":42,"column":4},"end":{"line":45,"column":null}},"11":{"start":{"line":48,"column":8},"end":{"line":57,"column":null}},"12":{"start":{"line":49,"column":4},"end":{"line":49,"column":null}},"13":{"start":{"line":49,"column":30},"end":{"line":49,"column":null}},"14":{"start":{"line":50,"column":18},"end":{"line":50,"column":null}},"15":{"start":{"line":51,"column":20},"end":{"line":51,"column":null}},"16":{"start":{"line":52,"column":21},"end":{"line":52,"column":null}},"17":{"start":{"line":53,"column":14},"end":{"line":53,"column":null}},"18":{"start":{"line":54,"column":14},"end":{"line":54,"column":null}},"19":{"start":{"line":55,"column":14},"end":{"line":55,"column":null}},"20":{"start":{"line":56,"column":4},"end":{"line":56,"column":null}},"21":{"start":{"line":61,"column":2},"end":{"line":106,"column":null}}},"fnMap":{"0":{"name":"(anonymous_0)","decl":{"start":{"line":16,"column":6},"end":{"line":16,"column":41}},"loc":{"start":{"line":16,"column":60},"end":{"line":108,"column":null}},"line":16},"1":{"name":"(anonymous_1)","decl":{"start":{"line":27,"column":26},"end":{"line":27,"column":61}},"loc":{"start":{"line":27,"column":61},"end":{"line":46,"column":5}},"line":27},"2":{"name":"(anonymous_2)","decl":{"start":{"line":48,"column":27},"end":{"line":48,"column":62}},"loc":{"start":{"line":48,"column":62},"end":{"line":57,"column":5}},"line":48}},"branchMap":{"0":{"loc":{"start":{"line":28,"column":4},"end":{"line":30,"column":null}},"type":"if","locations":[{"start":{"line":28,"column":4},"end":{"line":30,"column":null}},{"start":{},"end":{}}],"line":28},"1":{"loc":{"start":{"line":49,"column":4},"end":{"line":49,"column":null}},"type":"if","locations":[{"start":{"line":49,"column":4},"end":{"line":49,"column":null}},{"start":{},"end":{}}],"line":49},"2":{"loc":{"start":{"line":78,"column":9},"end":{"line":86,"column":null}},"type":"binary-expr","locations":[{"start":{"line":78,"column":9},"end":{"line":78,"column":24}},{"start":{"line":78,"column":24},"end":{"line":78,"column":null}},{"start":{"line":79,"column":10},"end":{"line":86,"column":null}}],"line":78},"3":{"loc":{"start":{"line":89,"column":9},"end":{"line":105,"column":null}},"type":"binary-expr","locations":[{"start":{"line":89,"column":9},"end":{"line":89,"column":null}},{"start":{"line":90,"column":10},"end":{"line":105,"column":null}}],"line":89}},"s":{"0":0,"1":0,"2":0,"3":0,"4":0,"5":0,"6":0,"7":0,"8":0,"9":0,"10":0,"11":0,"12":0,"13":0,"14":0,"15":0,"16":0,"17":0,"18":0,"19":0,"20":0,"21":0},"f":{"0":0,"1":0,"2":0},"b":{"0":[0,0],"1":[0,0],"2":[0,0,0],"3":[0,0]},"meta":{"lastBranch":4,"lastFunction":3,"lastStatement":22,"seen":{"s:16:6:108:Infinity":0,"f:16:6:16:41":0,"s:23:4:24:Infinity":1,"s:27:8:46:Infinity":2,"f:27:26:27:61":1,"b:28:4:30:Infinity:undefined:undefined:undefined:undefined":0,"s:28:4:30:Infinity":3,"s:29:6:29:Infinity":4,"s:31:27:31:Infinity":5,"s:32:20:32:Infinity":6,"s:38:14:38:Infinity":7,"s:39:14:39:Infinity":8,"s:40:14:40:Infinity":9,"s:42:4:45:Infinity":10,"s:48:8:57:Infinity":11,"f:48:27:48:62":2,"b:49:4:49:Infinity:undefined:undefined:undefined:undefined":1,"s:49:4:49:Infinity":12,"s:49:30:49:Infinity":13,"s:50:18:50:Infinity":14,"s:51:20:51:Infinity":15,"s:52:21:52:Infinity":16,"s:53:14:53:Infinity":17,"s:54:14:54:Infinity":18,"s:55:14:55:Infinity":19,"s:56:4:56:Infinity":20,"s:61:2:106:Infinity":21,"b:78:9:78:24:78:24:78:Infinity:79:10:86:Infinity":2,"b:89:9:89:Infinity:90:10:105:Infinity":3},"fnNames":{}}}
,"C:\\Users\\piyus\\Downloads\\EarthPulse\\src\\acts\\Act3Weight.tsx": {"path":"C:\\Users\\piyus\\Downloads\\EarthPulse\\src\\acts\\Act3Weight.tsx","statementMap":{"0":{"start":{"line":16,"column":22},"end":{"line":16,"column":null}},"1":{"start":{"line":18,"column":44},"end":{"line":23,"column":null}},"2":{"start":{"line":25,"column":6},"end":{"line":153,"column":null}},"3":{"start":{"line":31,"column":24},"end":{"line":31,"column":null}},"4":{"start":{"line":32,"column":23},"end":{"line":32,"column":null}},"5":{"start":{"line":33,"column":8},"end":{"line":33,"column":null}},"6":{"start":{"line":34,"column":8},"end":{"line":34,"column":null}},"7":{"start":{"line":36,"column":18},"end":{"line":36,"column":null}},"8":{"start":{"line":37,"column":15},"end":{"line":37,"column":null}},"9":{"start":{"line":38,"column":20},"end":{"line":38,"column":null}},"10":{"start":{"line":41,"column":2},"end":{"line":55,"column":null}},"11":{"start":{"line":42,"column":4},"end":{"line":42,"column":null}},"12":{"start":{"line":42,"column":20},"end":{"line":42,"column":null}},"13":{"start":{"line":43,"column":4},"end":{"line":43,"column":null}},"14":{"start":{"line":44,"column":10},"end":{"line":46,"column":null}},"15":{"start":{"line":45,"column":6},"end":{"line":45,"column":null}},"16":{"start":{"line":47,"column":4},"end":{"line":47,"column":null}},"17":{"start":{"line":49,"column":4},"end":{"line":52,"column":null}},"18":{"start":{"line":50,"column":27},"end":{"line":50,"column":null}},"19":{"start":{"line":51,"column":6},"end":{"line":51,"column":null}},"20":{"start":{"line":54,"column":4},"end":{"line":54,"column":null}},"21":{"start":{"line":54,"column":17},"end":{"line":54,"column":null}},"22":{"start":{"line":57,"column":2},"end":{"line":62,"column":null}},"23":{"start":{"line":58,"column":4},"end":{"line":61,"column":null}},"24":{"start":{"line":59,"column":6},"end":{"line":59,"column":null}},"25":{"start":{"line":60,"column":6},"end":{"line":60,"column":null}},"26":{"start":{"line":65,"column":27},"end":{"line":65,"column":null}},"27":{"start":{"line":66,"column":22},"end":{"line":66,"column":null}},"28":{"start":{"line":68,"column":2},"end":{"line":84,"column":null}},"29":{"start":{"line":69,"column":4},"end":{"line":82,"column":null}},"30":{"start":{"line":86,"column":2},"end":{"line":151,"column":null}},"31":{"start":{"line":141,"column":14},"end":{"line":143,"column":null}}},"fnMap":{"0":{"name":"(anonymous_0)","decl":{"start":{"line":25,"column":6},"end":{"line":25,"column":41}},"loc":{"start":{"line":30,"column":6},"end":{"line":153,"column":null}},"line":30},"1":{"name":"(anonymous_1)","decl":{"start":{"line":41,"column":2},"end":{"line":41,"column":18}},"loc":{"start":{"line":41,"column":18},"end":{"line":55,"column":5}},"line":41},"2":{"name":"(anonymous_2)","decl":{"start":{"line":44,"column":66},"end":{"line":44,"column":77}},"loc":{"start":{"line":44,"column":87},"end":{"line":46,"column":5}},"line":44},"3":{"name":"(anonymous_3)","decl":{"start":{"line":49,"column":4},"end":{"line":49,"column":32}},"loc":{"start":{"line":49,"column":32},"end":{"line":52,"column":5}},"line":49},"4":{"name":"(anonymous_4)","decl":{"start":{"line":54,"column":4},"end":{"line":54,"column":17}},"loc":{"start":{"line":54,"column":17},"end":{"line":54,"column":null}},"line":54},"5":{"name":"(anonymous_5)","decl":{"start":{"line":57,"column":2},"end":{"line":57,"column":18}},"loc":{"start":{"line":57,"column":18},"end":{"line":62,"column":5}},"line":57},"6":{"name":"(anonymous_6)","decl":{"start":{"line":140,"column":38},"end":{"line":140,"column":43}},"loc":{"start":{"line":141,"column":14},"end":{"line":143,"column":null}},"line":141}},"branchMap":{"0":{"loc":{"start":{"line":36,"column":18},"end":{"line":36,"column":null}},"type":"binary-expr","locations":[{"start":{"line":36,"column":18},"end":{"line":36,"column":40}},{"start":{"line":36,"column":40},"end":{"line":36,"column":null}}],"line":36},"1":{"loc":{"start":{"line":37,"column":15},"end":{"line":37,"column":null}},"type":"binary-expr","locations":[{"start":{"line":37,"column":15},"end":{"line":37,"column":34}},{"start":{"line":37,"column":34},"end":{"line":37,"column":null}}],"line":37},"2":{"loc":{"start":{"line":38,"column":20},"end":{"line":38,"column":null}},"type":"binary-expr","locations":[{"start":{"line":38,"column":20},"end":{"line":38,"column":41}},{"start":{"line":38,"column":41},"end":{"line":38,"column":null}}],"line":38},"3":{"loc":{"start":{"line":42,"column":4},"end":{"line":42,"column":null}},"type":"if","locations":[{"start":{"line":42,"column":4},"end":{"line":42,"column":null}},{"start":{},"end":{}}],"line":42},"4":{"loc":{"start":{"line":58,"column":4},"end":{"line":61,"column":null}},"type":"if","locations":[{"start":{"line":58,"column":4},"end":{"line":61,"column":null}},{"start":{},"end":{}}],"line":58},"5":{"loc":{"start":{"line":58,"column":8},"end":{"line":58,"column":62}},"type":"binary-expr","locations":[{"start":{"line":58,"column":8},"end":{"line":58,"column":21}},{"start":{"line":58,"column":21},"end":{"line":58,"column":39}},{"start":{"line":58,"column":39},"end":{"line":58,"column":62}}],"line":58},"6":{"loc":{"start":{"line":68,"column":2},"end":{"line":84,"column":null}},"type":"if","locations":[{"start":{"line":68,"column":2},"end":{"line":84,"column":null}},{"start":{},"end":{}}],"line":68},"7":{"loc":{"start":{"line":130,"column":9},"end":{"line":130,"column":null}},"type":"binary-expr","locations":[{"start":{"line":130,"column":9},"end":{"line":130,"column":26}},{"start":{"line":130,"column":26},"end":{"line":130,"column":null}}],"line":130},"8":{"loc":{"start":{"line":132,"column":9},"end":{"line":135,"column":null}},"type":"binary-expr","locations":[{"start":{"line":132,"column":9},"end":{"line":132,"column":24}},{"start":{"line":132,"column":24},"end":{"line":132,"column":null}},{"start":{"line":133,"column":10},"end":{"line":135,"column":null}}],"line":132},"9":{"loc":{"start":{"line":138,"column":9},"end":{"line":148,"column":null}},"type":"binary-expr","locations":[{"start":{"line":138,"column":9},"end":{"line":138,"column":27}},{"start":{"line":138,"column":27},"end":{"line":138,"column":null}},{"start":{"line":139,"column":10},"end":{"line":148,"column":null}}],"line":138}},"s":{"0":0,"1":0,"2":0,"3":0,"4":0,"5":0,"6":0,"7":0,"8":0,"9":0,"10":0,"11":0,"12":0,"13":0,"14":0,"15":0,"16":0,"17":0,"18":0,"19":0,"20":0,"21":0,"22":0,"23":0,"24":0,"25":0,"26":0,"27":0,"28":0,"29":0,"30":0,"31":0},"f":{"0":0,"1":0,"2":0,"3":0,"4":0,"5":0,"6":0},"b":{"0":[0,0],"1":[0,0],"2":[0,0],"3":[0,0],"4":[0,0],"5":[0,0,0],"6":[0,0],"7":[0,0],"8":[0,0,0],"9":[0,0,0]},"meta":{"lastBranch":10,"lastFunction":7,"lastStatement":32,"seen":{"s:16:22:16:Infinity":0,"s:18:44:23:Infinity":1,"s:25:6:153:Infinity":2,"f:25:6:25:41":0,"s:31:24:31:Infinity":3,"s:32:23:32:Infinity":4,"s:33:8:33:Infinity":5,"s:34:8:34:Infinity":6,"s:36:18:36:Infinity":7,"b:36:18:36:40:36:40:36:Infinity":0,"s:37:15:37:Infinity":8,"b:37:15:37:34:37:34:37:Infinity":1,"s:38:20:38:Infinity":9,"b:38:20:38:41:38:41:38:Infinity":2,"s:41:2:55:Infinity":10,"f:41:2:41:18":1,"b:42:4:42:Infinity:undefined:undefined:undefined:undefined":3,"s:42:4:42:Infinity":11,"s:42:20:42:Infinity":12,"s:43:4:43:Infinity":13,"s:44:10:46:Infinity":14,"f:44:66:44:77":2,"s:45:6:45:Infinity":15,"s:47:4:47:Infinity":16,"s:49:4:52:Infinity":17,"f:49:4:49:32":3,"s:50:27:50:Infinity":18,"s:51:6:51:Infinity":19,"s:54:4:54:Infinity":20,"f:54:4:54:17":4,"s:54:17:54:Infinity":21,"s:57:2:62:Infinity":22,"f:57:2:57:18":5,"b:58:4:61:Infinity:undefined:undefined:undefined:undefined":4,"s:58:4:61:Infinity":23,"b:58:8:58:21:58:21:58:39:58:39:58:62":5,"s:59:6:59:Infinity":24,"s:60:6:60:Infinity":25,"s:65:27:65:Infinity":26,"s:66:22:66:Infinity":27,"b:68:2:84:Infinity:undefined:undefined:undefined:undefined":6,"s:68:2:84:Infinity":28,"s:69:4:82:Infinity":29,"s:86:2:151:Infinity":30,"b:130:9:130:26:130:26:130:Infinity":7,"b:132:9:132:24:132:24:132:Infinity:133:10:135:Infinity":8,"b:138:9:138:27:138:27:138:Infinity:139:10:148:Infinity":9,"f:140:38:140:43":6,"s:141:14:143:Infinity":31},"fnNames":{}}}
,"C:\\Users\\piyus\\Downloads\\EarthPulse\\src\\acts\\Act4Actions.tsx": {"path":"C:\\Users\\piyus\\Downloads\\EarthPulse\\src\\acts\\Act4Actions.tsx","statementMap":{"0":{"start":{"line":17,"column":6},"end":{"line":59,"column":null}},"1":{"start":{"line":19,"column":24},"end":{"line":22,"column":null}},"2":{"start":{"line":20,"column":19},"end":{"line":20,"column":null}},"3":{"start":{"line":20,"column":39},"end":{"line":20,"column":50}},"4":{"start":{"line":21,"column":4},"end":{"line":21,"column":null}},"5":{"start":{"line":24,"column":2},"end":{"line":57,"column":null}},"6":{"start":{"line":28,"column":8},"end":{"line":36,"column":null}},"7":{"start":{"line":44,"column":10},"end":{"line":49,"column":null}}},"fnMap":{"0":{"name":"(anonymous_0)","decl":{"start":{"line":17,"column":6},"end":{"line":17,"column":42}},"loc":{"start":{"line":17,"column":94},"end":{"line":59,"column":null}},"line":17},"1":{"name":"(anonymous_1)","decl":{"start":{"line":19,"column":39},"end":{"line":19,"column":47}},"loc":{"start":{"line":19,"column":59},"end":{"line":22,"column":5}},"line":19},"2":{"name":"(anonymous_2)","decl":{"start":{"line":20,"column":27},"end":{"line":20,"column":33}},"loc":{"start":{"line":20,"column":39},"end":{"line":20,"column":50}},"line":20},"3":{"name":"(anonymous_3)","decl":{"start":{"line":27,"column":24},"end":{"line":27,"column":29}},"loc":{"start":{"line":28,"column":8},"end":{"line":36,"column":null}},"line":28},"4":{"name":"(anonymous_4)","decl":{"start":{"line":43,"column":17},"end":{"line":43,"column":22}},"loc":{"start":{"line":44,"column":10},"end":{"line":49,"column":null}},"line":44}},"branchMap":{"0":{"loc":{"start":{"line":21,"column":18},"end":{"line":21,"column":null}},"type":"binary-expr","locations":[{"start":{"line":21,"column":18},"end":{"line":21,"column":44}},{"start":{"line":21,"column":44},"end":{"line":21,"column":null}}],"line":21}},"s":{"0":0,"1":0,"2":0,"3":0,"4":0,"5":0,"6":0,"7":0},"f":{"0":0,"1":0,"2":0,"3":0,"4":0},"b":{"0":[0,0]},"meta":{"lastBranch":1,"lastFunction":5,"lastStatement":8,"seen":{"s:17:6:59:Infinity":0,"f:17:6:17:42":0,"s:19:24:22:Infinity":1,"f:19:39:19:47":1,"s:20:19:20:Infinity":2,"f:20:27:20:33":2,"s:20:39:20:50":3,"s:21:4:21:Infinity":4,"b:21:18:21:44:21:44:21:Infinity":0,"s:24:2:57:Infinity":5,"f:27:24:27:29":3,"s:28:8:36:Infinity":6,"f:43:17:43:22":4,"s:44:10:49:Infinity":7},"fnNames":{}}}
,"C:\\Users\\piyus\\Downloads\\EarthPulse\\src\\acts\\Act5Ripple.tsx": {"path":"C:\\Users\\piyus\\Downloads\\EarthPulse\\src\\acts\\Act5Ripple.tsx","statementMap":{"0":{"start":{"line":18,"column":70},"end":{"line":23,"column":null}},"1":{"start":{"line":30,"column":6},"end":{"line":112,"column":null}},"2":{"start":{"line":37,"column":8},"end":{"line":37,"column":null}},"3":{"start":{"line":39,"column":23},"end":{"line":42,"column":null}},"4":{"start":{"line":40,"column":19},"end":{"line":40,"column":null}},"5":{"start":{"line":40,"column":39},"end":{"line":40,"column":50}},"6":{"start":{"line":41,"column":4},"end":{"line":41,"column":null}},"7":{"start":{"line":44,"column":16},"end":{"line":44,"column":null}},"8":{"start":{"line":46,"column":8},"end":{"line":50,"column":null}},"9":{"start":{"line":47,"column":4},"end":{"line":49,"column":null}},"10":{"start":{"line":48,"column":6},"end":{"line":48,"column":null}},"11":{"start":{"line":52,"column":2},"end":{"line":110,"column":null}}},"fnMap":{"0":{"name":"(anonymous_0)","decl":{"start":{"line":30,"column":6},"end":{"line":30,"column":41}},"loc":{"start":{"line":36,"column":6},"end":{"line":112,"column":null}},"line":36},"1":{"name":"(anonymous_1)","decl":{"start":{"line":39,"column":38},"end":{"line":39,"column":46}},"loc":{"start":{"line":39,"column":58},"end":{"line":42,"column":5}},"line":39},"2":{"name":"(anonymous_2)","decl":{"start":{"line":40,"column":27},"end":{"line":40,"column":33}},"loc":{"start":{"line":40,"column":39},"end":{"line":40,"column":50}},"line":40},"3":{"name":"(anonymous_3)","decl":{"start":{"line":46,"column":34},"end":{"line":46,"column":46}},"loc":{"start":{"line":46,"column":46},"end":{"line":50,"column":5}},"line":46}},"branchMap":{"0":{"loc":{"start":{"line":41,"column":18},"end":{"line":41,"column":null}},"type":"binary-expr","locations":[{"start":{"line":41,"column":18},"end":{"line":41,"column":44}},{"start":{"line":41,"column":44},"end":{"line":41,"column":null}}],"line":41},"1":{"loc":{"start":{"line":44,"column":16},"end":{"line":44,"column":null}},"type":"binary-expr","locations":[{"start":{"line":44,"column":16},"end":{"line":44,"column":37}},{"start":{"line":44,"column":37},"end":{"line":44,"column":null}}],"line":44},"2":{"loc":{"start":{"line":47,"column":4},"end":{"line":49,"column":null}},"type":"if","locations":[{"start":{"line":47,"column":4},"end":{"line":49,"column":null}},{"start":{},"end":{}}],"line":47},"3":{"loc":{"start":{"line":69,"column":9},"end":{"line":72,"column":null}},"type":"binary-expr","locations":[{"start":{"line":69,"column":9},"end":{"line":69,"column":null}},{"start":{"line":70,"column":10},"end":{"line":72,"column":null}}],"line":69},"4":{"loc":{"start":{"line":77,"column":14},"end":{"line":77,"column":null}},"type":"binary-expr","locations":[{"start":{"line":77,"column":14},"end":{"line":77,"column":45}},{"start":{"line":77,"column":45},"end":{"line":77,"column":null}}],"line":77}},"s":{"0":0,"1":0,"2":0,"3":0,"4":0,"5":0,"6":0,"7":0,"8":0,"9":0,"10":0,"11":0},"f":{"0":0,"1":0,"2":0,"3":0},"b":{"0":[0,0],"1":[0,0],"2":[0,0],"3":[0,0],"4":[0,0]},"meta":{"lastBranch":5,"lastFunction":4,"lastStatement":12,"seen":{"s:18:70:23:Infinity":0,"s:30:6:112:Infinity":1,"f:30:6:30:41":0,"s:37:8:37:Infinity":2,"s:39:23:42:Infinity":3,"f:39:38:39:46":1,"s:40:19:40:Infinity":4,"f:40:27:40:33":2,"s:40:39:40:50":5,"s:41:4:41:Infinity":6,"b:41:18:41:44:41:44:41:Infinity":0,"s:44:16:44:Infinity":7,"b:44:16:44:37:44:37:44:Infinity":1,"s:46:8:50:Infinity":8,"f:46:34:46:46":3,"b:47:4:49:Infinity:undefined:undefined:undefined:undefined":2,"s:47:4:49:Infinity":9,"s:48:6:48:Infinity":10,"s:52:2:110:Infinity":11,"b:69:9:69:Infinity:70:10:72:Infinity":3,"b:77:14:77:45:77:45:77:Infinity":4},"fnNames":{}}}
,"C:\\Users\\piyus\\Downloads\\EarthPulse\\src\\components\\ActionCard.tsx": {"path":"C:\\Users\\piyus\\Downloads\\EarthPulse\\src\\components\\ActionCard.tsx","statementMap":{"0":{"start":{"line":14,"column":6},"end":{"line":109,"column":null}},"1":{"start":{"line":19,"column":20},"end":{"line":21,"column":null}},"2":{"start":{"line":22,"column":8},"end":{"line":22,"column":null}},"3":{"start":{"line":23,"column":8},"end":{"line":23,"column":null}},"4":{"start":{"line":25,"column":8},"end":{"line":52,"column":null}},"5":{"start":{"line":26,"column":4},"end":{"line":49,"column":null}},"6":{"start":{"line":28,"column":19},"end":{"line":28,"column":null}},"7":{"start":{"line":29,"column":22},"end":{"line":29,"column":null}},"8":{"start":{"line":30,"column":22},"end":{"line":30,"column":null}},"9":{"start":{"line":32,"column":27},"end":{"line":44,"column":null}},"10":{"start":{"line":33,"column":8},"end":{"line":33,"column":null}},"11":{"start":{"line":34,"column":23},"end":{"line":34,"column":null}},"12":{"start":{"line":35,"column":21},"end":{"line":35,"column":null}},"13":{"start":{"line":36,"column":25},"end":{"line":36,"column":null}},"14":{"start":{"line":37,"column":8},"end":{"line":43,"column":null}},"15":{"start":{"line":46,"column":6},"end":{"line":46,"column":null}},"16":{"start":{"line":48,"column":6},"end":{"line":48,"column":null}},"17":{"start":{"line":48,"column":23},"end":{"line":48,"column":41}},"18":{"start":{"line":51,"column":4},"end":{"line":51,"column":null}},"19":{"start":{"line":55,"column":2},"end":{"line":59,"column":null}},"20":{"start":{"line":56,"column":4},"end":{"line":58,"column":null}},"21":{"start":{"line":57,"column":6},"end":{"line":57,"column":null}},"22":{"start":{"line":61,"column":2},"end":{"line":107,"column":null}},"23":{"start":{"line":86,"column":10},"end":{"line":103,"column":null}}},"fnMap":{"0":{"name":"(anonymous_0)","decl":{"start":{"line":14,"column":6},"end":{"line":14,"column":47}},"loc":{"start":{"line":18,"column":6},"end":{"line":109,"column":null}},"line":18},"1":{"name":"(anonymous_1)","decl":{"start":{"line":25,"column":23},"end":{"line":25,"column":41}},"loc":{"start":{"line":25,"column":41},"end":{"line":52,"column":5}},"line":25},"2":{"name":"(anonymous_2)","decl":{"start":{"line":32,"column":50},"end":{"line":32,"column":54}},"loc":{"start":{"line":32,"column":63},"end":{"line":44,"column":7}},"line":32},"3":{"name":"(anonymous_3)","decl":{"start":{"line":48,"column":6},"end":{"line":48,"column":23}},"loc":{"start":{"line":48,"column":23},"end":{"line":48,"column":41}},"line":48},"4":{"name":"(anonymous_4)","decl":{"start":{"line":55,"column":2},"end":{"line":55,"column":18}},"loc":{"start":{"line":55,"column":18},"end":{"line":59,"column":5}},"line":55},"5":{"name":"(anonymous_5)","decl":{"start":{"line":56,"column":4},"end":{"line":56,"column":17}},"loc":{"start":{"line":56,"column":17},"end":{"line":58,"column":null}},"line":56},"6":{"name":"(anonymous_6)","decl":{"start":{"line":85,"column":19},"end":{"line":85,"column":24}},"loc":{"start":{"line":85,"column":30},"end":{"line":105,"column":9}},"line":85}},"branchMap":{"0":{"loc":{"start":{"line":26,"column":4},"end":{"line":49,"column":null}},"type":"if","locations":[{"start":{"line":26,"column":4},"end":{"line":49,"column":null}},{"start":{},"end":{}}],"line":26},"1":{"loc":{"start":{"line":26,"column":8},"end":{"line":26,"column":38}},"type":"binary-expr","locations":[{"start":{"line":26,"column":8},"end":{"line":26,"column":22}},{"start":{"line":26,"column":22},"end":{"line":26,"column":38}}],"line":26},"2":{"loc":{"start":{"line":62,"column":35},"end":{"line":62,"column":null}},"type":"cond-expr","locations":[{"start":{"line":62,"column":47},"end":{"line":62,"column":59}},{"start":{"line":62,"column":59},"end":{"line":62,"column":null}}],"line":62},"3":{"loc":{"start":{"line":75,"column":35},"end":{"line":75,"column":null}},"type":"cond-expr","locations":[{"start":{"line":75,"column":47},"end":{"line":75,"column":59}},{"start":{"line":75,"column":59},"end":{"line":75,"column":null}}],"line":75},"4":{"loc":{"start":{"line":81,"column":11},"end":{"line":81,"column":null}},"type":"cond-expr","locations":[{"start":{"line":81,"column":23},"end":{"line":81,"column":37}},{"start":{"line":81,"column":37},"end":{"line":81,"column":null}}],"line":81}},"s":{"0":1,"1":4,"2":4,"3":4,"4":4,"5":1,"6":1,"7":1,"8":1,"9":1,"10":6,"11":6,"12":6,"13":6,"14":6,"15":1,"16":1,"17":0,"18":1,"19":4,"20":3,"21":3,"22":4,"23":6},"f":{"0":4,"1":1,"2":6,"3":0,"4":3,"5":3,"6":6},"b":{"0":[1,0],"1":[1,1],"2":[1,3],"3":[1,3],"4":[1,3]},"meta":{"lastBranch":5,"lastFunction":7,"lastStatement":24,"seen":{"s:14:6:109:Infinity":0,"f:14:6:14:47":0,"s:19:20:21:Infinity":1,"s:22:8:22:Infinity":2,"s:23:8:23:Infinity":3,"s:25:8:52:Infinity":4,"f:25:23:25:41":1,"b:26:4:49:Infinity:undefined:undefined:undefined:undefined":0,"s:26:4:49:Infinity":5,"b:26:8:26:22:26:22:26:38":1,"s:28:19:28:Infinity":6,"s:29:22:29:Infinity":7,"s:30:22:30:Infinity":8,"s:32:27:44:Infinity":9,"f:32:50:32:54":2,"s:33:8:33:Infinity":10,"s:34:23:34:Infinity":11,"s:35:21:35:Infinity":12,"s:36:25:36:Infinity":13,"s:37:8:43:Infinity":14,"s:46:6:46:Infinity":15,"s:48:6:48:Infinity":16,"f:48:6:48:23":3,"s:48:23:48:41":17,"s:51:4:51:Infinity":18,"s:55:2:59:Infinity":19,"f:55:2:55:18":4,"s:56:4:58:Infinity":20,"f:56:4:56:17":5,"s:57:6:57:Infinity":21,"s:61:2:107:Infinity":22,"b:62:47:62:59:62:59:62:Infinity":2,"b:75:47:75:59:75:59:75:Infinity":3,"b:81:23:81:37:81:37:81:Infinity":4,"f:85:19:85:24":6,"s:86:10:103:Infinity":23},"fnNames":{}}}
,"C:\\Users\\piyus\\Downloads\\EarthPulse\\src\\components\\EarthOrb.tsx": {"path":"C:\\Users\\piyus\\Downloads\\EarthPulse\\src\\components\\EarthOrb.tsx","statementMap":{"0":{"start":{"line":17,"column":6},"end":{"line":76,"column":null}},"1":{"start":{"line":23,"column":8},"end":{"line":31,"column":null}},"2":{"start":{"line":24,"column":4},"end":{"line":30,"column":null}},"3":{"start":{"line":25,"column":26},"end":{"line":25,"column":null}},"4":{"start":{"line":26,"column":28},"end":{"line":26,"column":null}},"5":{"start":{"line":27,"column":29},"end":{"line":27,"column":null}},"6":{"start":{"line":28,"column":30},"end":{"line":28,"column":null}},"7":{"start":{"line":29,"column":15},"end":{"line":29,"column":null}},"8":{"start":{"line":34,"column":8},"end":{"line":42,"column":null}},"9":{"start":{"line":35,"column":4},"end":{"line":41,"column":null}},"10":{"start":{"line":36,"column":26},"end":{"line":36,"column":null}},"11":{"start":{"line":37,"column":28},"end":{"line":37,"column":null}},"12":{"start":{"line":38,"column":29},"end":{"line":38,"column":null}},"13":{"start":{"line":39,"column":30},"end":{"line":39,"column":null}},"14":{"start":{"line":40,"column":15},"end":{"line":40,"column":null}},"15":{"start":{"line":44,"column":2},"end":{"line":74,"column":null}}},"fnMap":{"0":{"name":"(anonymous_0)","decl":{"start":{"line":17,"column":6},"end":{"line":17,"column":43}},"loc":{"start":{"line":21,"column":6},"end":{"line":76,"column":null}},"line":21},"1":{"name":"(anonymous_1)","decl":{"start":{"line":23,"column":26},"end":{"line":23,"column":40}},"loc":{"start":{"line":23,"column":40},"end":{"line":31,"column":5}},"line":23},"2":{"name":"(anonymous_2)","decl":{"start":{"line":34,"column":20},"end":{"line":34,"column":34}},"loc":{"start":{"line":34,"column":34},"end":{"line":42,"column":5}},"line":34}},"branchMap":{"0":{"loc":{"start":{"line":18,"column":2},"end":{"line":18,"column":null}},"type":"default-arg","locations":[{"start":{"line":18,"column":9},"end":{"line":18,"column":null}}],"line":18},"1":{"loc":{"start":{"line":19,"column":2},"end":{"line":19,"column":null}},"type":"default-arg","locations":[{"start":{"line":19,"column":9},"end":{"line":19,"column":null}}],"line":19},"2":{"loc":{"start":{"line":24,"column":4},"end":{"line":30,"column":null}},"type":"switch","locations":[{"start":{"line":25,"column":6},"end":{"line":25,"column":null}},{"start":{"line":26,"column":6},"end":{"line":26,"column":null}},{"start":{"line":27,"column":6},"end":{"line":27,"column":null}},{"start":{"line":28,"column":6},"end":{"line":28,"column":null}},{"start":{"line":29,"column":6},"end":{"line":29,"column":null}}],"line":24},"3":{"loc":{"start":{"line":35,"column":4},"end":{"line":41,"column":null}},"type":"switch","locations":[{"start":{"line":36,"column":6},"end":{"line":36,"column":null}},{"start":{"line":37,"column":6},"end":{"line":37,"column":null}},{"start":{"line":38,"column":6},"end":{"line":38,"column":null}},{"start":{"line":39,"column":6},"end":{"line":39,"column":null}},{"start":{"line":40,"column":6},"end":{"line":40,"column":null}}],"line":35},"4":{"loc":{"start":{"line":46,"column":43},"end":{"line":46,"column":null}},"type":"binary-expr","locations":[{"start":{"line":46,"column":43},"end":{"line":46,"column":57}},{"start":{"line":46,"column":57},"end":{"line":46,"column":null}}],"line":46},"5":{"loc":{"start":{"line":55,"column":44},"end":{"line":55,"column":null}},"type":"cond-expr","locations":[{"start":{"line":55,"column":51},"end":{"line":55,"column":71}},{"start":{"line":55,"column":71},"end":{"line":55,"column":null}}],"line":55}},"s":{"0":1,"1":6,"2":4,"3":0,"4":0,"5":0,"6":0,"7":4,"8":6,"9":4,"10":0,"11":0,"12":0,"13":0,"14":4,"15":6},"f":{"0":6,"1":4,"2":4},"b":{"0":[6],"1":[6],"2":[0,0,0,0,4],"3":[0,0,0,0,4],"4":[6,4],"5":[0,6]},"meta":{"lastBranch":6,"lastFunction":3,"lastStatement":16,"seen":{"s:17:6:76:Infinity":0,"f:17:6:17:43":0,"b:18:9:18:Infinity":0,"b:19:9:19:Infinity":1,"s:23:8:31:Infinity":1,"f:23:26:23:40":1,"b:25:6:25:Infinity:26:6:26:Infinity:27:6:27:Infinity:28:6:28:Infinity:29:6:29:Infinity":2,"s:24:4:30:Infinity":2,"s:25:26:25:Infinity":3,"s:26:28:26:Infinity":4,"s:27:29:27:Infinity":5,"s:28:30:28:Infinity":6,"s:29:15:29:Infinity":7,"s:34:8:42:Infinity":8,"f:34:20:34:34":2,"b:36:6:36:Infinity:37:6:37:Infinity:38:6:38:Infinity:39:6:39:Infinity:40:6:40:Infinity":3,"s:35:4:41:Infinity":9,"s:36:26:36:Infinity":10,"s:37:28:37:Infinity":11,"s:38:29:38:Infinity":12,"s:39:30:39:Infinity":13,"s:40:15:40:Infinity":14,"s:44:2:74:Infinity":15,"b:46:43:46:57:46:57:46:Infinity":4,"b:55:51:55:71:55:71:55:Infinity":5},"fnNames":{}}}
,"C:\\Users\\piyus\\Downloads\\EarthPulse\\src\\components\\ErrorBoundary.tsx": {"path":"C:\\Users\\piyus\\Downloads\\EarthPulse\\src\\components\\ErrorBoundary.tsx","statementMap":{"0":{"start":{"line":8,"column":10},"end":{"line":8,"column":null}},"1":{"start":{"line":11,"column":4},"end":{"line":11,"column":null}},"2":{"start":{"line":15,"column":4},"end":{"line":15,"column":null}},"3":{"start":{"line":19,"column":4},"end":{"line":41,"column":null}},"4":{"start":{"line":20,"column":6},"end":{"line":39,"column":null}},"5":{"start":{"line":42,"column":4},"end":{"line":42,"column":null}}},"fnMap":{"0":{"name":"getDerivedStateFromError","decl":{"start":{"line":10,"column":9},"end":{"line":10,"column":36}},"loc":{"start":{"line":10,"column":36},"end":{"line":12,"column":null}},"line":10},"1":{"name":"componentDidCatch","decl":{"start":{"line":14,"column":2},"end":{"line":14,"column":20}},"loc":{"start":{"line":14,"column":34},"end":{"line":16,"column":null}},"line":14},"2":{"name":"render","decl":{"start":{"line":18,"column":2},"end":{"line":18,"column":11}},"loc":{"start":{"line":18,"column":11},"end":{"line":43,"column":null}},"line":18}},"branchMap":{"0":{"loc":{"start":{"line":19,"column":4},"end":{"line":41,"column":null}},"type":"if","locations":[{"start":{"line":19,"column":4},"end":{"line":41,"column":null}},{"start":{},"end":{}}],"line":19}},"s":{"0":0,"1":0,"2":0,"3":0,"4":0,"5":0},"f":{"0":0,"1":0,"2":0},"b":{"0":[0,0]},"meta":{"lastBranch":1,"lastFunction":3,"lastStatement":6,"seen":{"s:8:10:8:Infinity":0,"f:10:9:10:36":0,"s:11:4:11:Infinity":1,"f:14:2:14:20":1,"s:15:4:15:Infinity":2,"f:18:2:18:11":2,"b:19:4:41:Infinity:undefined:undefined:undefined:undefined":0,"s:19:4:41:Infinity":3,"s:20:6:39:Infinity":4,"s:42:4:42:Infinity":5},"fnNames":{}}}
,"C:\\Users\\piyus\\Downloads\\EarthPulse\\src\\components\\GlassCard.tsx": {"path":"C:\\Users\\piyus\\Downloads\\EarthPulse\\src\\components\\GlassCard.tsx","statementMap":{"0":{"start":{"line":14,"column":6},"end":{"line":29,"column":null}},"1":{"start":{"line":20,"column":2},"end":{"line":27,"column":null}}},"fnMap":{"0":{"name":"(anonymous_0)","decl":{"start":{"line":14,"column":6},"end":{"line":14,"column":45}},"loc":{"start":{"line":19,"column":6},"end":{"line":29,"column":null}},"line":19}},"branchMap":{"0":{"loc":{"start":{"line":16,"column":2},"end":{"line":16,"column":null}},"type":"default-arg","locations":[{"start":{"line":16,"column":14},"end":{"line":16,"column":null}}],"line":16}},"s":{"0":0,"1":0},"f":{"0":0},"b":{"0":[0]},"meta":{"lastBranch":1,"lastFunction":1,"lastStatement":2,"seen":{"s:14:6:29:Infinity":0,"f:14:6:14:45":0,"b:16:14:16:Infinity":0,"s:20:2:27:Infinity":1},"fnNames":{}}}
,"C:\\Users\\piyus\\Downloads\\EarthPulse\\src\\components\\ImpactCounter.tsx": {"path":"C:\\Users\\piyus\\Downloads\\EarthPulse\\src\\components\\ImpactCounter.tsx","statementMap":{"0":{"start":{"line":12,"column":6},"end":{"line":29,"column":null}},"1":{"start":{"line":16,"column":2},"end":{"line":27,"column":null}}},"fnMap":{"0":{"name":"(anonymous_0)","decl":{"start":{"line":12,"column":6},"end":{"line":12,"column":53}},"loc":{"start":{"line":15,"column":6},"end":{"line":29,"column":null}},"line":15}},"branchMap":{"0":{"loc":{"start":{"line":23,"column":9},"end":{"line":25,"column":null}},"type":"cond-expr","locations":[{"start":{"line":24,"column":12},"end":{"line":24,"column":null}},{"start":{"line":25,"column":12},"end":{"line":25,"column":null}}],"line":23}},"s":{"0":0,"1":0},"f":{"0":0},"b":{"0":[0,0]},"meta":{"lastBranch":1,"lastFunction":1,"lastStatement":2,"seen":{"s:12:6:29:Infinity":0,"f:12:6:12:53":0,"s:16:2:27:Infinity":1,"b:24:12:24:Infinity:25:12:25:Infinity":0},"fnNames":{}}}
,"C:\\Users\\piyus\\Downloads\\EarthPulse\\src\\components\\ProgressDots.tsx": {"path":"C:\\Users\\piyus\\Downloads\\EarthPulse\\src\\components\\ProgressDots.tsx","statementMap":{"0":{"start":{"line":12,"column":6},"end":{"line":29,"column":null}},"1":{"start":{"line":13,"column":15},"end":{"line":13,"column":null}},"2":{"start":{"line":15,"column":2},"end":{"line":27,"column":null}},"3":{"start":{"line":18,"column":8},"end":{"line":25,"column":null}},"4":{"start":{"line":21,"column":25},"end":{"line":21,"column":null}}},"fnMap":{"0":{"name":"(anonymous_0)","decl":{"start":{"line":12,"column":6},"end":{"line":12,"column":51}},"loc":{"start":{"line":12,"column":82},"end":{"line":29,"column":null}},"line":12},"1":{"name":"(anonymous_1)","decl":{"start":{"line":17,"column":12},"end":{"line":17,"column":17}},"loc":{"start":{"line":18,"column":8},"end":{"line":25,"column":null}},"line":18},"2":{"name":"(anonymous_2)","decl":{"start":{"line":21,"column":10},"end":{"line":21,"column":25}},"loc":{"start":{"line":21,"column":25},"end":{"line":21,"column":null}},"line":21}},"branchMap":{"0":{"loc":{"start":{"line":20,"column":37},"end":{"line":20,"column":null}},"type":"cond-expr","locations":[{"start":{"line":20,"column":58},"end":{"line":20,"column":69}},{"start":{"line":20,"column":69},"end":{"line":20,"column":null}}],"line":20},"1":{"loc":{"start":{"line":23,"column":24},"end":{"line":23,"column":null}},"type":"cond-expr","locations":[{"start":{"line":23,"column":45},"end":{"line":23,"column":54}},{"start":{"line":23,"column":54},"end":{"line":23,"column":null}}],"line":23}},"s":{"0":0,"1":0,"2":0,"3":0,"4":0},"f":{"0":0,"1":0,"2":0},"b":{"0":[0,0],"1":[0,0]},"meta":{"lastBranch":2,"lastFunction":3,"lastStatement":5,"seen":{"s:12:6:29:Infinity":0,"f:12:6:12:51":0,"s:13:15:13:Infinity":1,"s:15:2:27:Infinity":2,"f:17:12:17:17":1,"s:18:8:25:Infinity":3,"b:20:58:20:69:20:69:20:Infinity":0,"f:21:10:21:25":2,"s:21:25:21:Infinity":4,"b:23:45:23:54:23:54:23:Infinity":1},"fnNames":{}}}
,"C:\\Users\\piyus\\Downloads\\EarthPulse\\src\\components\\QuizCard.tsx": {"path":"C:\\Users\\piyus\\Downloads\\EarthPulse\\src\\components\\QuizCard.tsx","statementMap":{"0":{"start":{"line":18,"column":6},"end":{"line":137,"column":null}},"1":{"start":{"line":25,"column":24},"end":{"line":25,"column":null}},"2":{"start":{"line":26,"column":21},"end":{"line":26,"column":null}},"3":{"start":{"line":27,"column":8},"end":{"line":27,"column":null}},"4":{"start":{"line":29,"column":2},"end":{"line":32,"column":null}},"5":{"start":{"line":31,"column":4},"end":{"line":31,"column":null}},"6":{"start":{"line":36,"column":8},"end":{"line":47,"column":null}},"7":{"start":{"line":38,"column":21},"end":{"line":38,"column":null}},"8":{"start":{"line":38,"column":49},"end":{"line":38,"column":60}},"9":{"start":{"line":39,"column":21},"end":{"line":39,"column":null}},"10":{"start":{"line":39,"column":48},"end":{"line":39,"column":53}},"11":{"start":{"line":41,"column":8},"end":{"line":43,"column":null}},"12":{"start":{"line":44,"column":6},"end":{"line":44,"column":null}},"13":{"start":{"line":49,"column":8},"end":{"line":71,"column":null}},"14":{"start":{"line":50,"column":4},"end":{"line":50,"column":null}},"15":{"start":{"line":50,"column":32},"end":{"line":50,"column":null}},"16":{"start":{"line":52,"column":19},"end":{"line":52,"column":null}},"17":{"start":{"line":53,"column":20},"end":{"line":53,"column":null}},"18":{"start":{"line":55,"column":4},"end":{"line":55,"column":null}},"19":{"start":{"line":58,"column":4},"end":{"line":58,"column":null}},"20":{"start":{"line":59,"column":4},"end":{"line":59,"column":null}},"21":{"start":{"line":59,"column":21},"end":{"line":59,"column":40}},"22":{"start":{"line":62,"column":4},"end":{"line":70,"column":null}},"23":{"start":{"line":73,"column":2},"end":{"line":135,"column":null}},"24":{"start":{"line":89,"column":26},"end":{"line":89,"column":null}},"25":{"start":{"line":90,"column":10},"end":{"line":93,"column":null}},"26":{"start":{"line":91,"column":28},"end":{"line":91,"column":null}},"27":{"start":{"line":92,"column":12},"end":{"line":92,"column":null}},"28":{"start":{"line":94,"column":29},"end":{"line":94,"column":null}},"29":{"start":{"line":96,"column":10},"end":{"line":118,"column":null}},"30":{"start":{"line":101,"column":29},"end":{"line":101,"column":null}},"31":{"start":{"line":103,"column":16},"end":{"line":106,"column":null}},"32":{"start":{"line":104,"column":18},"end":{"line":104,"column":null}},"33":{"start":{"line":105,"column":18},"end":{"line":105,"column":null}}},"fnMap":{"0":{"name":"(anonymous_0)","decl":{"start":{"line":18,"column":6},"end":{"line":18,"column":43}},"loc":{"start":{"line":24,"column":6},"end":{"line":137,"column":null}},"line":24},"1":{"name":"(anonymous_1)","decl":{"start":{"line":29,"column":2},"end":{"line":29,"column":18}},"loc":{"start":{"line":29,"column":18},"end":{"line":32,"column":5}},"line":29},"2":{"name":"(anonymous_2)","decl":{"start":{"line":36,"column":27},"end":{"line":36,"column":null}},"loc":{"start":{"line":37,"column":42},"end":{"line":45,"column":null}},"line":37},"3":{"name":"(anonymous_3)","decl":{"start":{"line":38,"column":38},"end":{"line":38,"column":43}},"loc":{"start":{"line":38,"column":49},"end":{"line":38,"column":60}},"line":38},"4":{"name":"(anonymous_4)","decl":{"start":{"line":39,"column":33},"end":{"line":39,"column":39}},"loc":{"start":{"line":39,"column":48},"end":{"line":39,"column":53}},"line":39},"5":{"name":"(anonymous_5)","decl":{"start":{"line":49,"column":8},"end":{"line":49,"column":24}},"loc":{"start":{"line":49,"column":42},"end":{"line":71,"column":null}},"line":49},"6":{"name":"(anonymous_6)","decl":{"start":{"line":59,"column":4},"end":{"line":59,"column":21}},"loc":{"start":{"line":59,"column":21},"end":{"line":59,"column":40}},"line":59},"7":{"name":"(anonymous_7)","decl":{"start":{"line":88,"column":26},"end":{"line":88,"column":31}},"loc":{"start":{"line":88,"column":49},"end":{"line":120,"column":9}},"line":88},"8":{"name":"(anonymous_8)","decl":{"start":{"line":101,"column":14},"end":{"line":101,"column":29}},"loc":{"start":{"line":101,"column":29},"end":{"line":101,"column":null}},"line":101},"9":{"name":"(anonymous_9)","decl":{"start":{"line":102,"column":14},"end":{"line":102,"column":26}},"loc":{"start":{"line":102,"column":32},"end":{"line":107,"column":null}},"line":102}},"branchMap":{"0":{"loc":{"start":{"line":41,"column":8},"end":{"line":43,"column":null}},"type":"cond-expr","locations":[{"start":{"line":41,"column":30},"end":{"line":42,"column":null}},{"start":{"line":43,"column":12},"end":{"line":43,"column":null}}],"line":41},"1":{"loc":{"start":{"line":44,"column":13},"end":{"line":44,"column":null}},"type":"cond-expr","locations":[{"start":{"line":44,"column":34},"end":{"line":44,"column":43}},{"start":{"line":44,"column":43},"end":{"line":44,"column":null}}],"line":44},"2":{"loc":{"start":{"line":50,"column":4},"end":{"line":50,"column":null}},"type":"if","locations":[{"start":{"line":50,"column":4},"end":{"line":50,"column":null}},{"start":{},"end":{}}],"line":50},"3":{"loc":{"start":{"line":58,"column":18},"end":{"line":58,"column":76}},"type":"cond-expr","locations":[{"start":{"line":58,"column":39},"end":{"line":58,"column":60}},{"start":{"line":58,"column":60},"end":{"line":58,"column":76}}],"line":58},"4":{"loc":{"start":{"line":90,"column":10},"end":{"line":93,"column":null}},"type":"if","locations":[{"start":{"line":90,"column":10},"end":{"line":93,"column":null}},{"start":{},"end":{}}],"line":90},"5":{"loc":{"start":{"line":92,"column":25},"end":{"line":92,"column":null}},"type":"cond-expr","locations":[{"start":{"line":92,"column":46},"end":{"line":92,"column":65}},{"start":{"line":92,"column":65},"end":{"line":92,"column":null}}],"line":92},"6":{"loc":{"start":{"line":99,"column":19},"end":{"line":99,"column":null}},"type":"cond-expr","locations":[{"start":{"line":99,"column":33},"end":{"line":99,"column":50}},{"start":{"line":99,"column":50},"end":{"line":99,"column":null}}],"line":99},"7":{"loc":{"start":{"line":103,"column":16},"end":{"line":106,"column":null}},"type":"if","locations":[{"start":{"line":103,"column":16},"end":{"line":106,"column":null}},{"start":{},"end":{}}],"line":103},"8":{"loc":{"start":{"line":103,"column":20},"end":{"line":103,"column":56}},"type":"binary-expr","locations":[{"start":{"line":103,"column":20},"end":{"line":103,"column":41}},{"start":{"line":103,"column":41},"end":{"line":103,"column":56}}],"line":103},"9":{"loc":{"start":{"line":114,"column":31},"end":{"line":114,"column":null}},"type":"cond-expr","locations":[{"start":{"line":114,"column":56},"end":{"line":114,"column":65}},{"start":{"line":114,"column":65},"end":{"line":114,"column":null}}],"line":114},"10":{"loc":{"start":{"line":123,"column":7},"end":{"line":133,"column":null}},"type":"binary-expr","locations":[{"start":{"line":123,"column":7},"end":{"line":123,"column":null}},{"start":{"line":124,"column":8},"end":{"line":133,"column":null}}],"line":123}},"s":{"0":1,"1":6,"2":6,"3":6,"4":6,"5":4,"6":6,"7":4,"8":8,"9":4,"10":4,"11":4,"12":4,"13":6,"14":2,"15":0,"16":2,"17":2,"18":2,"19":2,"20":2,"21":0,"22":2,"23":6,"24":12,"25":12,"26":2,"27":2,"28":12,"29":12,"30":2,"31":0,"32":0,"33":0},"f":{"0":6,"1":4,"2":4,"3":8,"4":4,"5":2,"6":0,"7":12,"8":2,"9":0},"b":{"0":[4,0],"1":[4,0],"2":[0,2],"3":[2,0],"4":[2,10],"5":[2,0],"6":[6,6],"7":[0,0],"8":[0,0],"9":[4,8],"10":[6,1]},"meta":{"lastBranch":11,"lastFunction":10,"lastStatement":34,"seen":{"s:18:6:137:Infinity":0,"f:18:6:18:43":0,"s:25:24:25:Infinity":1,"s:26:21:26:Infinity":2,"s:27:8:27:Infinity":3,"s:29:2:32:Infinity":4,"f:29:2:29:18":1,"s:31:4:31:Infinity":5,"s:36:8:47:Infinity":6,"f:36:27:36:Infinity":2,"s:38:21:38:Infinity":7,"f:38:38:38:43":3,"s:38:49:38:60":8,"s:39:21:39:Infinity":9,"f:39:33:39:39":4,"s:39:48:39:53":10,"s:41:8:43:Infinity":11,"b:41:30:42:Infinity:43:12:43:Infinity":0,"s:44:6:44:Infinity":12,"b:44:34:44:43:44:43:44:Infinity":1,"s:49:8:71:Infinity":13,"f:49:8:49:24":5,"b:50:4:50:Infinity:undefined:undefined:undefined:undefined":2,"s:50:4:50:Infinity":14,"s:50:32:50:Infinity":15,"s:52:19:52:Infinity":16,"s:53:20:53:Infinity":17,"s:55:4:55:Infinity":18,"s:58:4:58:Infinity":19,"b:58:39:58:60:58:60:58:76":3,"s:59:4:59:Infinity":20,"f:59:4:59:21":6,"s:59:21:59:40":21,"s:62:4:70:Infinity":22,"s:73:2:135:Infinity":23,"f:88:26:88:31":7,"s:89:26:89:Infinity":24,"b:90:10:93:Infinity:undefined:undefined:undefined:undefined":4,"s:90:10:93:Infinity":25,"s:91:28:91:Infinity":26,"s:92:12:92:Infinity":27,"b:92:46:92:65:92:65:92:Infinity":5,"s:94:29:94:Infinity":28,"s:96:10:118:Infinity":29,"b:99:33:99:50:99:50:99:Infinity":6,"f:101:14:101:29":8,"s:101:29:101:Infinity":30,"f:102:14:102:26":9,"b:103:16:106:Infinity:undefined:undefined:undefined:undefined":7,"s:103:16:106:Infinity":31,"b:103:20:103:41:103:41:103:56":8,"s:104:18:104:Infinity":32,"s:105:18:105:Infinity":33,"b:114:56:114:65:114:65:114:Infinity":9,"b:123:7:123:Infinity:124:8:133:Infinity":10},"fnNames":{}}}
,"C:\\Users\\piyus\\Downloads\\EarthPulse\\src\\components\\SDGBadges.tsx": {"path":"C:\\Users\\piyus\\Downloads\\EarthPulse\\src\\components\\SDGBadges.tsx","statementMap":{"0":{"start":{"line":16,"column":28},"end":{"line":22,"column":null}},"1":{"start":{"line":24,"column":6},"end":{"line":47,"column":null}},"2":{"start":{"line":25,"column":2},"end":{"line":45,"column":null}},"3":{"start":{"line":30,"column":10},"end":{"line":42,"column":null}}},"fnMap":{"0":{"name":"(anonymous_0)","decl":{"start":{"line":24,"column":6},"end":{"line":24,"column":34}},"loc":{"start":{"line":24,"column":34},"end":{"line":47,"column":null}},"line":24},"1":{"name":"(anonymous_1)","decl":{"start":{"line":29,"column":18},"end":{"line":29,"column":23}},"loc":{"start":{"line":30,"column":10},"end":{"line":42,"column":null}},"line":30}},"branchMap":{},"s":{"0":0,"1":0,"2":0,"3":0},"f":{"0":0,"1":0},"b":{},"meta":{"lastBranch":0,"lastFunction":2,"lastStatement":4,"seen":{"s:16:28:22:Infinity":0,"s:24:6:47:Infinity":1,"f:24:6:24:34":0,"s:25:2:45:Infinity":2,"f:29:18:29:23":1,"s:30:10:42:Infinity":3},"fnNames":{}}}
,"C:\\Users\\piyus\\Downloads\\EarthPulse\\src\\components\\SkeletonLoader.tsx": {"path":"C:\\Users\\piyus\\Downloads\\EarthPulse\\src\\components\\SkeletonLoader.tsx","statementMap":{"0":{"start":{"line":7,"column":6},"end":{"line":16,"column":null}},"1":{"start":{"line":8,"column":2},"end":{"line":14,"column":null}}},"fnMap":{"0":{"name":"(anonymous_0)","decl":{"start":{"line":7,"column":6},"end":{"line":7,"column":39}},"loc":{"start":{"line":7,"column":39},"end":{"line":16,"column":null}},"line":7}},"branchMap":{},"s":{"0":0,"1":0},"f":{"0":0},"b":{},"meta":{"lastBranch":0,"lastFunction":1,"lastStatement":2,"seen":{"s:7:6:16:Infinity":0,"f:7:6:7:39":0,"s:8:2:14:Infinity":1},"fnNames":{}}}
,"C:\\Users\\piyus\\Downloads\\EarthPulse\\src\\components\\StarField.tsx": {"path":"C:\\Users\\piyus\\Downloads\\EarthPulse\\src\\components\\StarField.tsx","statementMap":{"0":{"start":{"line":12,"column":31},"end":{"line":19,"column":null}},"1":{"start":{"line":12,"column":70},"end":{"line":19,"column":2}},"2":{"start":{"line":25,"column":6},"end":{"line":44,"column":null}},"3":{"start":{"line":26,"column":2},"end":{"line":42,"column":null}},"4":{"start":{"line":29,"column":8},"end":{"line":40,"column":null}}},"fnMap":{"0":{"name":"(anonymous_0)","decl":{"start":{"line":12,"column":56},"end":{"line":12,"column":60}},"loc":{"start":{"line":12,"column":70},"end":{"line":19,"column":2}},"line":12},"1":{"name":"(anonymous_1)","decl":{"start":{"line":25,"column":6},"end":{"line":25,"column":34}},"loc":{"start":{"line":25,"column":34},"end":{"line":44,"column":null}},"line":25},"2":{"name":"(anonymous_2)","decl":{"start":{"line":28,"column":22},"end":{"line":28,"column":27}},"loc":{"start":{"line":29,"column":8},"end":{"line":40,"column":null}},"line":29}},"branchMap":{"0":{"loc":{"start":{"line":16,"column":8},"end":{"line":16,"column":null}},"type":"cond-expr","locations":[{"start":{"line":16,"column":30},"end":{"line":16,"column":34}},{"start":{"line":16,"column":34},"end":{"line":16,"column":null}}],"line":16}},"s":{"0":0,"1":0,"2":0,"3":0,"4":0},"f":{"0":0,"1":0,"2":0},"b":{"0":[0,0]},"meta":{"lastBranch":1,"lastFunction":3,"lastStatement":5,"seen":{"s:12:31:19:Infinity":0,"f:12:56:12:60":0,"s:12:70:19:2":1,"b:16:30:16:34:16:34:16:Infinity":0,"s:25:6:44:Infinity":2,"f:25:6:25:34":1,"s:26:2:42:Infinity":3,"f:28:22:28:27":2,"s:29:8:40:Infinity":4},"fnNames":{}}}
,"C:\\Users\\piyus\\Downloads\\EarthPulse\\src\\data\\actions.ts": {"path":"C:\\Users\\piyus\\Downloads\\EarthPulse\\src\\data\\actions.ts","statementMap":{"0":{"start":{"line":5,"column":37},"end":{"line":114,"column":null}}},"fnMap":{},"branchMap":{},"s":{"0":0},"f":{},"b":{},"meta":{"lastBranch":0,"lastFunction":0,"lastStatement":1,"seen":{"s:5:37:114:Infinity":0},"fnNames":{}}}
,"C:\\Users\\piyus\\Downloads\\EarthPulse\\src\\data\\fallbacks.ts": {"path":"C:\\Users\\piyus\\Downloads\\EarthPulse\\src\\data\\fallbacks.ts","statementMap":{"0":{"start":{"line":5,"column":77},"end":{"line":42,"column":null}}},"fnMap":{},"branchMap":{},"s":{"0":0},"f":{},"b":{},"meta":{"lastBranch":0,"lastFunction":0,"lastStatement":1,"seen":{"s:5:77:42:Infinity":0},"fnNames":{}}}
,"C:\\Users\\piyus\\Downloads\\EarthPulse\\src\\data\\questions.ts": {"path":"C:\\Users\\piyus\\Downloads\\EarthPulse\\src\\data\\questions.ts","statementMap":{"0":{"start":{"line":5,"column":41},"end":{"line":101,"column":null}}},"fnMap":{},"branchMap":{},"s":{"0":0},"f":{},"b":{},"meta":{"lastBranch":0,"lastFunction":0,"lastStatement":1,"seen":{"s:5:41:101:Infinity":0},"fnNames":{}}}
,"C:\\Users\\piyus\\Downloads\\EarthPulse\\src\\hooks\\useActiveAct.ts": {"path":"C:\\Users\\piyus\\Downloads\\EarthPulse\\src\\hooks\\useActiveAct.ts","statementMap":{"0":{"start":{"line":12,"column":2},"end":{"line":34,"column":null}},"1":{"start":{"line":13,"column":22},"end":{"line":13,"column":null}},"2":{"start":{"line":14,"column":4},"end":{"line":14,"column":null}},"3":{"start":{"line":14,"column":20},"end":{"line":14,"column":null}},"4":{"start":{"line":16,"column":21},"end":{"line":16,"column":null}},"5":{"start":{"line":17,"column":21},"end":{"line":30,"column":null}},"6":{"start":{"line":19,"column":8},"end":{"line":27,"column":null}},"7":{"start":{"line":20,"column":10},"end":{"line":26,"column":null}},"8":{"start":{"line":21,"column":23},"end":{"line":21,"column":null}},"9":{"start":{"line":22,"column":12},"end":{"line":25,"column":null}},"10":{"start":{"line":23,"column":29},"end":{"line":23,"column":null}},"11":{"start":{"line":24,"column":14},"end":{"line":24,"column":null}},"12":{"start":{"line":24,"column":34},"end":{"line":24,"column":null}},"13":{"start":{"line":32,"column":4},"end":{"line":32,"column":null}},"14":{"start":{"line":32,"column":28},"end":{"line":32,"column":47}},"15":{"start":{"line":33,"column":4},"end":{"line":33,"column":null}},"16":{"start":{"line":33,"column":17},"end":{"line":33,"column":null}}},"fnMap":{"0":{"name":"useActiveAct","decl":{"start":{"line":8,"column":16},"end":{"line":8,"column":null}},"loc":{"start":{"line":11,"column":2},"end":{"line":35,"column":null}},"line":11},"1":{"name":"(anonymous_1)","decl":{"start":{"line":12,"column":2},"end":{"line":12,"column":18}},"loc":{"start":{"line":12,"column":18},"end":{"line":34,"column":5}},"line":12},"2":{"name":"(anonymous_2)","decl":{"start":{"line":17,"column":25},"end":{"line":17,"column":null}},"loc":{"start":{"line":18,"column":19},"end":{"line":28,"column":null}},"line":18},"3":{"name":"(anonymous_3)","decl":{"start":{"line":19,"column":16},"end":{"line":19,"column":25}},"loc":{"start":{"line":19,"column":35},"end":{"line":27,"column":9}},"line":19},"4":{"name":"(anonymous_4)","decl":{"start":{"line":32,"column":13},"end":{"line":32,"column":22}},"loc":{"start":{"line":32,"column":28},"end":{"line":32,"column":47}},"line":32},"5":{"name":"(anonymous_5)","decl":{"start":{"line":33,"column":4},"end":{"line":33,"column":17}},"loc":{"start":{"line":33,"column":17},"end":{"line":33,"column":null}},"line":33}},"branchMap":{"0":{"loc":{"start":{"line":14,"column":4},"end":{"line":14,"column":null}},"type":"if","locations":[{"start":{"line":14,"column":4},"end":{"line":14,"column":null}},{"start":{},"end":{}}],"line":14},"1":{"loc":{"start":{"line":20,"column":10},"end":{"line":26,"column":null}},"type":"if","locations":[{"start":{"line":20,"column":10},"end":{"line":26,"column":null}},{"start":{},"end":{}}],"line":20},"2":{"loc":{"start":{"line":22,"column":12},"end":{"line":25,"column":null}},"type":"if","locations":[{"start":{"line":22,"column":12},"end":{"line":25,"column":null}},{"start":{},"end":{}}],"line":22},"3":{"loc":{"start":{"line":24,"column":14},"end":{"line":24,"column":null}},"type":"if","locations":[{"start":{"line":24,"column":14},"end":{"line":24,"column":null}},{"start":{},"end":{}}],"line":24}},"s":{"0":0,"1":0,"2":0,"3":0,"4":0,"5":0,"6":0,"7":0,"8":0,"9":0,"10":0,"11":0,"12":0,"13":0,"14":0,"15":0,"16":0},"f":{"0":0,"1":0,"2":0,"3":0,"4":0,"5":0},"b":{"0":[0,0],"1":[0,0],"2":[0,0],"3":[0,0]},"meta":{"lastBranch":4,"lastFunction":6,"lastStatement":17,"seen":{"f:8:16:8:Infinity":0,"s:12:2:34:Infinity":0,"f:12:2:12:18":1,"s:13:22:13:Infinity":1,"b:14:4:14:Infinity:undefined:undefined:undefined:undefined":0,"s:14:4:14:Infinity":2,"s:14:20:14:Infinity":3,"s:16:21:16:Infinity":4,"s:17:21:30:Infinity":5,"f:17:25:17:Infinity":2,"s:19:8:27:Infinity":6,"f:19:16:19:25":3,"b:20:10:26:Infinity:undefined:undefined:undefined:undefined":1,"s:20:10:26:Infinity":7,"s:21:23:21:Infinity":8,"b:22:12:25:Infinity:undefined:undefined:undefined:undefined":2,"s:22:12:25:Infinity":9,"s:23:29:23:Infinity":10,"b:24:14:24:Infinity:undefined:undefined:undefined:undefined":3,"s:24:14:24:Infinity":11,"s:24:34:24:Infinity":12,"s:32:4:32:Infinity":13,"f:32:13:32:22":4,"s:32:28:32:47":14,"s:33:4:33:Infinity":15,"f:33:4:33:17":5,"s:33:17:33:Infinity":16},"fnNames":{}}}
,"C:\\Users\\piyus\\Downloads\\EarthPulse\\src\\hooks\\useGemini.ts": {"path":"C:\\Users\\piyus\\Downloads\\EarthPulse\\src\\hooks\\useGemini.ts","statementMap":{"0":{"start":{"line":7,"column":25},"end":{"line":7,"column":null}},"1":{"start":{"line":8,"column":24},"end":{"line":8,"column":null}},"2":{"start":{"line":9,"column":22},"end":{"line":9,"column":null}},"3":{"start":{"line":11,"column":8},"end":{"line":23,"column":null}},"4":{"start":{"line":12,"column":4},"end":{"line":12,"column":null}},"5":{"start":{"line":13,"column":4},"end":{"line":13,"column":null}},"6":{"start":{"line":14,"column":4},"end":{"line":22,"column":null}},"7":{"start":{"line":15,"column":23},"end":{"line":15,"column":null}},"8":{"start":{"line":16,"column":6},"end":{"line":16,"column":null}},"9":{"start":{"line":18,"column":6},"end":{"line":18,"column":null}},"10":{"start":{"line":19,"column":6},"end":{"line":19,"column":null}},"11":{"start":{"line":21,"column":6},"end":{"line":21,"column":null}},"12":{"start":{"line":25,"column":2},"end":{"line":33,"column":null}}},"fnMap":{"0":{"name":"useGemini","decl":{"start":{"line":6,"column":16},"end":{"line":6,"column":28}},"loc":{"start":{"line":6,"column":28},"end":{"line":34,"column":null}},"line":6},"1":{"name":"(anonymous_1)","decl":{"start":{"line":11,"column":42},"end":{"line":11,"column":49}},"loc":{"start":{"line":11,"column":94},"end":{"line":23,"column":5}},"line":11}},"branchMap":{},"s":{"0":0,"1":0,"2":0,"3":0,"4":0,"5":0,"6":0,"7":0,"8":0,"9":0,"10":0,"11":0,"12":0},"f":{"0":0,"1":0},"b":{},"meta":{"lastBranch":0,"lastFunction":2,"lastStatement":13,"seen":{"f:6:16:6:28":0,"s:7:25:7:Infinity":0,"s:8:24:8:Infinity":1,"s:9:22:9:Infinity":2,"s:11:8:23:Infinity":3,"f:11:42:11:49":1,"s:12:4:12:Infinity":4,"s:13:4:13:Infinity":5,"s:14:4:22:Infinity":6,"s:15:23:15:Infinity":7,"s:16:6:16:Infinity":8,"s:18:6:18:Infinity":9,"s:19:6:19:Infinity":10,"s:21:6:21:Infinity":11,"s:25:2:33:Infinity":12},"fnNames":{}}}
,"C:\\Users\\piyus\\Downloads\\EarthPulse\\src\\hooks\\usePledges.ts": {"path":"C:\\Users\\piyus\\Downloads\\EarthPulse\\src\\hooks\\usePledges.ts","statementMap":{"0":{"start":{"line":10,"column":25},"end":{"line":10,"column":null}},"1":{"start":{"line":11,"column":22},"end":{"line":11,"column":null}},"2":{"start":{"line":14,"column":2},"end":{"line":18,"column":null}},"3":{"start":{"line":15,"column":4},"end":{"line":17,"column":null}},"4":{"start":{"line":16,"column":6},"end":{"line":16,"column":null}},"5":{"start":{"line":16,"column":26},"end":{"line":16,"column":null}},"6":{"start":{"line":20,"column":8},"end":{"line":25,"column":null}},"7":{"start":{"line":21,"column":4},"end":{"line":24,"column":null}},"8":{"start":{"line":22,"column":21},"end":{"line":22,"column":null}},"9":{"start":{"line":22,"column":41},"end":{"line":22,"column":52}},"10":{"start":{"line":23,"column":6},"end":{"line":23,"column":null}},"11":{"start":{"line":27,"column":8},"end":{"line":56,"column":null}},"12":{"start":{"line":31,"column":6},"end":{"line":35,"column":null}},"13":{"start":{"line":32,"column":8},"end":{"line":32,"column":null}},"14":{"start":{"line":32,"column":51},"end":{"line":32,"column":66}},"15":{"start":{"line":34,"column":8},"end":{"line":34,"column":null}},"16":{"start":{"line":37,"column":6},"end":{"line":37,"column":null}},"17":{"start":{"line":39,"column":23},"end":{"line":42,"column":null}},"18":{"start":{"line":40,"column":23},"end":{"line":40,"column":null}},"19":{"start":{"line":40,"column":43},"end":{"line":40,"column":54}},"20":{"start":{"line":41,"column":8},"end":{"line":41,"column":null}},"21":{"start":{"line":45,"column":6},"end":{"line":45,"column":null}},"22":{"start":{"line":48,"column":6},"end":{"line":48,"column":null}},"23":{"start":{"line":49,"column":6},"end":{"line":53,"column":null}},"24":{"start":{"line":50,"column":8},"end":{"line":52,"column":null}},"25":{"start":{"line":51,"column":10},"end":{"line":51,"column":null}},"26":{"start":{"line":51,"column":30},"end":{"line":51,"column":null}},"27":{"start":{"line":58,"column":2},"end":{"line":64,"column":null}}},"fnMap":{"0":{"name":"usePledges","decl":{"start":{"line":9,"column":16},"end":{"line":9,"column":29}},"loc":{"start":{"line":9,"column":29},"end":{"line":65,"column":null}},"line":9},"1":{"name":"(anonymous_1)","decl":{"start":{"line":14,"column":2},"end":{"line":14,"column":18}},"loc":{"start":{"line":14,"column":18},"end":{"line":18,"column":5}},"line":14},"2":{"name":"(anonymous_2)","decl":{"start":{"line":15,"column":22},"end":{"line":15,"column":28}},"loc":{"start":{"line":15,"column":38},"end":{"line":17,"column":5}},"line":15},"3":{"name":"(anonymous_3)","decl":{"start":{"line":20,"column":23},"end":{"line":20,"column":37}},"loc":{"start":{"line":20,"column":37},"end":{"line":25,"column":5}},"line":20},"4":{"name":"(anonymous_4)","decl":{"start":{"line":21,"column":26},"end":{"line":21,"column":34}},"loc":{"start":{"line":21,"column":46},"end":{"line":24,"column":7}},"line":21},"5":{"name":"(anonymous_5)","decl":{"start":{"line":22,"column":29},"end":{"line":22,"column":35}},"loc":{"start":{"line":22,"column":41},"end":{"line":22,"column":52}},"line":22},"6":{"name":"(anonymous_6)","decl":{"start":{"line":27,"column":29},"end":{"line":27,"column":null}},"loc":{"start":{"line":28,"column":26},"end":{"line":54,"column":null}},"line":28},"7":{"name":"(anonymous_7)","decl":{"start":{"line":32,"column":36},"end":{"line":32,"column":44}},"loc":{"start":{"line":32,"column":51},"end":{"line":32,"column":66}},"line":32},"8":{"name":"(anonymous_8)","decl":{"start":{"line":39,"column":34},"end":{"line":39,"column":42}},"loc":{"start":{"line":39,"column":54},"end":{"line":42,"column":9}},"line":39},"9":{"name":"(anonymous_9)","decl":{"start":{"line":40,"column":31},"end":{"line":40,"column":37}},"loc":{"start":{"line":40,"column":43},"end":{"line":40,"column":54}},"line":40},"10":{"name":"(anonymous_10)","decl":{"start":{"line":49,"column":22},"end":{"line":49,"column":39}},"loc":{"start":{"line":49,"column":39},"end":{"line":53,"column":9}},"line":49},"11":{"name":"(anonymous_11)","decl":{"start":{"line":50,"column":26},"end":{"line":50,"column":32}},"loc":{"start":{"line":50,"column":42},"end":{"line":52,"column":9}},"line":50}},"branchMap":{"0":{"loc":{"start":{"line":16,"column":6},"end":{"line":16,"column":null}},"type":"if","locations":[{"start":{"line":16,"column":6},"end":{"line":16,"column":null}},{"start":{},"end":{}}],"line":16},"1":{"loc":{"start":{"line":23,"column":20},"end":{"line":23,"column":null}},"type":"binary-expr","locations":[{"start":{"line":23,"column":20},"end":{"line":23,"column":46}},{"start":{"line":23,"column":46},"end":{"line":23,"column":null}}],"line":23},"2":{"loc":{"start":{"line":31,"column":6},"end":{"line":35,"column":null}},"type":"if","locations":[{"start":{"line":31,"column":6},"end":{"line":35,"column":null}},{"start":{"line":33,"column":13},"end":{"line":35,"column":null}}],"line":31},"3":{"loc":{"start":{"line":41,"column":22},"end":{"line":41,"column":null}},"type":"binary-expr","locations":[{"start":{"line":41,"column":22},"end":{"line":41,"column":48}},{"start":{"line":41,"column":48},"end":{"line":41,"column":null}}],"line":41},"4":{"loc":{"start":{"line":51,"column":10},"end":{"line":51,"column":null}},"type":"if","locations":[{"start":{"line":51,"column":10},"end":{"line":51,"column":null}},{"start":{},"end":{}}],"line":51}},"s":{"0":0,"1":0,"2":0,"3":0,"4":0,"5":0,"6":0,"7":0,"8":0,"9":0,"10":0,"11":0,"12":0,"13":0,"14":0,"15":0,"16":0,"17":0,"18":0,"19":0,"20":0,"21":0,"22":0,"23":0,"24":0,"25":0,"26":0,"27":0},"f":{"0":0,"1":0,"2":0,"3":0,"4":0,"5":0,"6":0,"7":0,"8":0,"9":0,"10":0,"11":0},"b":{"0":[0,0],"1":[0,0],"2":[0,0],"3":[0,0],"4":[0,0]},"meta":{"lastBranch":5,"lastFunction":12,"lastStatement":28,"seen":{"f:9:16:9:29":0,"s:10:25:10:Infinity":0,"s:11:22:11:Infinity":1,"s:14:2:18:Infinity":2,"f:14:2:14:18":1,"s:15:4:17:Infinity":3,"f:15:22:15:28":2,"b:16:6:16:Infinity:undefined:undefined:undefined:undefined":0,"s:16:6:16:Infinity":4,"s:16:26:16:Infinity":5,"s:20:8:25:Infinity":6,"f:20:23:20:37":3,"s:21:4:24:Infinity":7,"f:21:26:21:34":4,"s:22:21:22:Infinity":8,"f:22:29:22:35":5,"s:22:41:22:52":9,"s:23:6:23:Infinity":10,"b:23:20:23:46:23:46:23:Infinity":1,"s:27:8:56:Infinity":11,"f:27:29:27:Infinity":6,"b:31:6:35:Infinity:33:13:35:Infinity":2,"s:31:6:35:Infinity":12,"s:32:8:32:Infinity":13,"f:32:36:32:44":7,"s:32:51:32:66":14,"s:34:8:34:Infinity":15,"s:37:6:37:Infinity":16,"s:39:23:42:Infinity":17,"f:39:34:39:42":8,"s:40:23:40:Infinity":18,"f:40:31:40:37":9,"s:40:43:40:54":19,"s:41:8:41:Infinity":20,"b:41:22:41:48:41:48:41:Infinity":3,"s:45:6:45:Infinity":21,"s:48:6:48:Infinity":22,"s:49:6:53:Infinity":23,"f:49:22:49:39":10,"s:50:8:52:Infinity":24,"f:50:26:50:32":11,"b:51:10:51:Infinity:undefined:undefined:undefined:undefined":4,"s:51:10:51:Infinity":25,"s:51:30:51:Infinity":26,"s:58:2:64:Infinity":27},"fnNames":{}}}
,"C:\\Users\\piyus\\Downloads\\EarthPulse\\src\\hooks\\useQuiz.ts": {"path":"C:\\Users\\piyus\\Downloads\\EarthPulse\\src\\hooks\\useQuiz.ts","statementMap":{"0":{"start":{"line":9,"column":18},"end":{"line":9,"column":null}},"1":{"start":{"line":10,"column":29},"end":{"line":10,"column":null}},"2":{"start":{"line":11,"column":24},"end":{"line":11,"column":null}},"3":{"start":{"line":13,"column":8},"end":{"line":15,"column":null}},"4":{"start":{"line":14,"column":4},"end":{"line":14,"column":null}},"5":{"start":{"line":14,"column":38},"end":{"line":14,"column":55}},"6":{"start":{"line":17,"column":8},"end":{"line":64,"column":null}},"7":{"start":{"line":19,"column":25},"end":{"line":19,"column":null}},"8":{"start":{"line":20,"column":6},"end":{"line":20,"column":null}},"9":{"start":{"line":22,"column":21},"end":{"line":22,"column":null}},"10":{"start":{"line":23,"column":18},"end":{"line":23,"column":null}},"11":{"start":{"line":25,"column":6},"end":{"line":44,"column":null}},"12":{"start":{"line":26,"column":8},"end":{"line":43,"column":null}},"13":{"start":{"line":27,"column":24},"end":{"line":27,"column":null}},"14":{"start":{"line":28,"column":24},"end":{"line":28,"column":null}},"15":{"start":{"line":29,"column":25},"end":{"line":29,"column":null}},"16":{"start":{"line":32,"column":31},"end":{"line":32,"column":null}},"17":{"start":{"line":33,"column":33},"end":{"line":35,"column":null}},"18":{"start":{"line":34,"column":12},"end":{"line":34,"column":null}},"19":{"start":{"line":34,"column":29},"end":{"line":34,"column":44}},"20":{"start":{"line":37,"column":25},"end":{"line":37,"column":null}},"21":{"start":{"line":38,"column":10},"end":{"line":40,"column":null}},"22":{"start":{"line":39,"column":12},"end":{"line":39,"column":null}},"23":{"start":{"line":46,"column":12},"end":{"line":54,"column":null}},"24":{"start":{"line":47,"column":8},"end":{"line":47,"column":null}},"25":{"start":{"line":48,"column":8},"end":{"line":53,"column":null}},"26":{"start":{"line":49,"column":16},"end":{"line":49,"column":null}},"27":{"start":{"line":50,"column":10},"end":{"line":50,"column":null}},"28":{"start":{"line":50,"column":27},"end":{"line":50,"column":50}},"29":{"start":{"line":52,"column":10},"end":{"line":52,"column":null}},"30":{"start":{"line":52,"column":27},"end":{"line":52,"column":70}},"31":{"start":{"line":52,"column":59},"end":{"line":52,"column":67}},"32":{"start":{"line":56,"column":6},"end":{"line":61,"column":null}},"33":{"start":{"line":57,"column":8},"end":{"line":57,"column":null}},"34":{"start":{"line":58,"column":8},"end":{"line":58,"column":null}},"35":{"start":{"line":60,"column":8},"end":{"line":60,"column":null}},"36":{"start":{"line":66,"column":21},"end":{"line":66,"column":null}},"37":{"start":{"line":68,"column":2},"end":{"line":75,"column":null}}},"fnMap":{"0":{"name":"useQuiz","decl":{"start":{"line":8,"column":16},"end":{"line":8,"column":24}},"loc":{"start":{"line":8,"column":72},"end":{"line":76,"column":null}},"line":8},"1":{"name":"(anonymous_1)","decl":{"start":{"line":13,"column":23},"end":{"line":13,"column":37}},"loc":{"start":{"line":13,"column":37},"end":{"line":15,"column":5}},"line":13},"2":{"name":"(anonymous_2)","decl":{"start":{"line":14,"column":19},"end":{"line":14,"column":27}},"loc":{"start":{"line":14,"column":38},"end":{"line":14,"column":55}},"line":14},"3":{"name":"(anonymous_3)","decl":{"start":{"line":18,"column":4},"end":{"line":18,"column":11}},"loc":{"start":{"line":18,"column":76},"end":{"line":62,"column":null}},"line":18},"4":{"name":"(anonymous_4)","decl":{"start":{"line":33,"column":37},"end":{"line":33,"column":52}},"loc":{"start":{"line":34,"column":12},"end":{"line":34,"column":null}},"line":34},"5":{"name":"(anonymous_5)","decl":{"start":{"line":34,"column":12},"end":{"line":34,"column":29}},"loc":{"start":{"line":34,"column":29},"end":{"line":34,"column":44}},"line":34},"6":{"name":"(anonymous_6)","decl":{"start":{"line":46,"column":12},"end":{"line":46,"column":28}},"loc":{"start":{"line":46,"column":28},"end":{"line":54,"column":null}},"line":46},"7":{"name":"(anonymous_7)","decl":{"start":{"line":50,"column":10},"end":{"line":50,"column":27}},"loc":{"start":{"line":50,"column":27},"end":{"line":50,"column":50}},"line":50},"8":{"name":"(anonymous_8)","decl":{"start":{"line":52,"column":10},"end":{"line":52,"column":27}},"loc":{"start":{"line":52,"column":27},"end":{"line":52,"column":70}},"line":52},"9":{"name":"(anonymous_9)","decl":{"start":{"line":52,"column":27},"end":{"line":52,"column":50}},"loc":{"start":{"line":52,"column":59},"end":{"line":52,"column":67}},"line":52}},"branchMap":{"0":{"loc":{"start":{"line":25,"column":6},"end":{"line":44,"column":null}},"type":"if","locations":[{"start":{"line":25,"column":6},"end":{"line":44,"column":null}},{"start":{},"end":{}}],"line":25},"1":{"loc":{"start":{"line":38,"column":10},"end":{"line":40,"column":null}},"type":"if","locations":[{"start":{"line":38,"column":10},"end":{"line":40,"column":null}},{"start":{},"end":{}}],"line":38},"2":{"loc":{"start":{"line":38,"column":14},"end":{"line":38,"column":46}},"type":"binary-expr","locations":[{"start":{"line":38,"column":14},"end":{"line":38,"column":24}},{"start":{"line":38,"column":24},"end":{"line":38,"column":46}}],"line":38},"3":{"loc":{"start":{"line":48,"column":8},"end":{"line":53,"column":null}},"type":"if","locations":[{"start":{"line":48,"column":8},"end":{"line":53,"column":null}},{"start":{"line":51,"column":15},"end":{"line":53,"column":null}}],"line":48},"4":{"loc":{"start":{"line":56,"column":6},"end":{"line":61,"column":null}},"type":"if","locations":[{"start":{"line":56,"column":6},"end":{"line":61,"column":null}},{"start":{"line":59,"column":13},"end":{"line":61,"column":null}}],"line":56}},"s":{"0":0,"1":0,"2":0,"3":0,"4":0,"5":0,"6":0,"7":0,"8":0,"9":0,"10":0,"11":0,"12":0,"13":0,"14":0,"15":0,"16":0,"17":0,"18":0,"19":0,"20":0,"21":0,"22":0,"23":0,"24":0,"25":0,"26":0,"27":0,"28":0,"29":0,"30":0,"31":0,"32":0,"33":0,"34":0,"35":0,"36":0,"37":0},"f":{"0":0,"1":0,"2":0,"3":0,"4":0,"5":0,"6":0,"7":0,"8":0,"9":0},"b":{"0":[0,0],"1":[0,0],"2":[0,0],"3":[0,0],"4":[0,0]},"meta":{"lastBranch":5,"lastFunction":10,"lastStatement":38,"seen":{"f:8:16:8:24":0,"s:9:18:9:Infinity":0,"s:10:29:10:Infinity":1,"s:11:24:11:Infinity":2,"s:13:8:15:Infinity":3,"f:13:23:13:37":1,"s:14:4:14:Infinity":4,"f:14:19:14:27":2,"s:14:38:14:55":5,"s:17:8:64:Infinity":6,"f:18:4:18:11":3,"s:19:25:19:Infinity":7,"s:20:6:20:Infinity":8,"s:22:21:22:Infinity":9,"s:23:18:23:Infinity":10,"b:25:6:44:Infinity:undefined:undefined:undefined:undefined":0,"s:25:6:44:Infinity":11,"s:26:8:43:Infinity":12,"s:27:24:27:Infinity":13,"s:28:24:28:Infinity":14,"s:29:25:29:Infinity":15,"s:32:31:32:Infinity":16,"s:33:33:35:Infinity":17,"f:33:37:33:52":4,"s:34:12:34:Infinity":18,"f:34:12:34:29":5,"s:34:29:34:44":19,"s:37:25:37:Infinity":20,"b:38:10:40:Infinity:undefined:undefined:undefined:undefined":1,"s:38:10:40:Infinity":21,"b:38:14:38:24:38:24:38:46":2,"s:39:12:39:Infinity":22,"s:46:12:54:Infinity":23,"f:46:12:46:28":6,"s:47:8:47:Infinity":24,"b:48:8:53:Infinity:51:15:53:Infinity":3,"s:48:8:53:Infinity":25,"s:49:16:49:Infinity":26,"s:50:10:50:Infinity":27,"f:50:10:50:27":7,"s:50:27:50:50":28,"s:52:10:52:Infinity":29,"f:52:10:52:27":8,"s:52:27:52:70":30,"f:52:27:52:50":9,"s:52:59:52:67":31,"b:56:6:61:Infinity:59:13:61:Infinity":4,"s:56:6:61:Infinity":32,"s:57:8:57:Infinity":33,"s:58:8:58:Infinity":34,"s:60:8:60:Infinity":35,"s:66:21:66:Infinity":36,"s:68:2:75:Infinity":37},"fnNames":{}}}
,"C:\\Users\\piyus\\Downloads\\EarthPulse\\src\\utils\\constants.ts": {"path":"C:\\Users\\piyus\\Downloads\\EarthPulse\\src\\utils\\constants.ts","statementMap":{"0":{"start":{"line":1,"column":35},"end":{"line":11,"column":null}},"1":{"start":{"line":13,"column":28},"end":{"line":15,"column":null}},"2":{"start":{"line":17,"column":26},"end":{"line":19,"column":null}}},"fnMap":{},"branchMap":{},"s":{"0":3,"1":3,"2":3},"f":{},"b":{},"meta":{"lastBranch":0,"lastFunction":0,"lastStatement":3,"seen":{"s:1:35:11:Infinity":0,"s:13:28:15:Infinity":1,"s:17:26:19:Infinity":2},"fnNames":{}}}
[...]
,"C:\\Users\\piyus\\Downloads\\EarthPulse\\src\\utils\\logger.ts": {"path":"C:\\Users\\piyus\\Downloads\\EarthPulse\\src\\utils\\logger.ts","statementMap":{"0":{"start":{"line":5,"column":14},"end":{"line":5,"column":null}},"1":{"start":{"line":7,"column":22},"end":{"line":23,"column":null}},"2":{"start":{"line":9,"column":4},"end":{"line":11,"column":null}},"3":{"start":{"line":10,"column":6},"end":{"line":10,"column":null}},"4":{"start":{"line":14,"column":4},"end":{"line":16,"column":null}},"5":{"start":{"line":15,"column":6},"end":{"line":15,"column":null}},"6":{"start":{"line":19,"column":4},"end":{"line":21,"column":null}},"7":{"start":{"line":20,"column":6},"end":{"line":20,"column":null}}},"fnMap":{"0":{"name":"(anonymous_0)","decl":{"start":{"line":8,"column":2},"end":{"line":8,"column":9}},"loc":{"start":{"line":8,"column":32},"end":{"line":12,"column":null}},"line":8},"1":{"name":"(anonymous_1)","decl":{"start":{"line":13,"column":2},"end":{"line":13,"column":9}},"loc":{"start":{"line":13,"column":32},"end":{"line":17,"column":null}},"line":13},"2":{"name":"(anonymous_2)","decl":{"start":{"line":18,"column":2},"end":{"line":18,"column":10}},"loc":{"start":{"line":18,"column":33},"end":{"line":22,"column":null}},"line":18}},"branchMap":{"0":{"loc":{"start":{"line":9,"column":4},"end":{"line":11,"column":null}},"type":"if","locations":[{"start":{"line":9,"column":4},"end":{"line":11,"column":null}},{"start":{},"end":{}}],"line":9},"1":{"loc":{"start":{"line":14,"column":4},"end":{"line":16,"column":null}},"type":"if","locations":[{"start":{"line":14,"column":4},"end":{"line":16,"column":null}},{"start":{},"end":{}}],"line":14},"2":{"loc":{"start":{"line":19,"column":4},"end":{"line":21,"column":null}},"type":"if","locations":[{"start":{"line":19,"column":4},"end":{"line":21,"column":null}},{"start":{},"end":{}}],"line":19}},"s":{"0":1,"1":1,"2":0,"3":0,"4":0,"5":0,"6":3,"7":3},"f":{"0":0,"1":0,"2":3},"b":{"0":[0,0],"1":[0,0],"2":[3,0]},"meta":{"lastBranch":3,"lastFunction":3,"lastStatement":8,"seen":{"s:5:14:5:Infinity":0,"s:7:22:23:Infinity":1,"f:8:2:8:9":0,"b:9:4:11:Infinity:undefined:undefined:undefined:undefined":0,"s:9:4:11:Infinity":2,"s:10:6:10:Infinity":3,"f:13:2:13:9":1,"b:14:4:16:Infinity:undefined:undefined:undefined:undefined":1,"s:14:4:16:Infinity":4,"s:15:6:15:Infinity":5,"f:18:2:18:10":2,"b:19:4:21:Infinity:undefined:undefined:undefined:undefined":2,"s:19:4:21:Infinity":6,"s:20:6:20:Infinity":7},"fnNames":{}}}
,"C:\\Users\\piyus\\Downloads\\EarthPulse\\src\\utils\\shareCard.ts": {"path":"C:\\Users\\piyus\\Downloads\\EarthPulse\\src\\utils\\shareCard.ts","statementMap":{"0":{"start":{"line":11,"column":2},"end":{"line":35,"column":null}},"1":{"start":{"line":12,"column":19},"end":{"line":12,"column":null}},"2":{"start":{"line":13,"column":17},"end":{"line":15,"column":null}},"3":{"start":{"line":14,"column":6},"end":{"line":14,"column":null}},"4":{"start":{"line":17,"column":4},"end":{"line":21,"column":null}},"5":{"start":{"line":18,"column":6},"end":{"line":18,"column":null}},"6":{"start":{"line":19,"column":6},"end":{"line":19,"column":null}},"7":{"start":{"line":20,"column":6},"end":{"line":20,"column":null}},"8":{"start":{"line":23,"column":17},"end":{"line":25,"column":null}},"9":{"start":{"line":27,"column":19},"end":{"line":27,"column":null}},"10":{"start":{"line":28,"column":4},"end":{"line":30,"column":null}},"11":{"start":{"line":29,"column":6},"end":{"line":29,"column":null}},"12":{"start":{"line":32,"column":20},"end":{"line":32,"column":null}},"13":{"start":{"line":33,"column":4},"end":{"line":33,"column":null}},"14":{"start":{"line":34,"column":4},"end":{"line":34,"column":null}},"15":{"start":{"line":44,"column":8},"end":{"line":44,"column":null}},"16":{"start":{"line":45,"column":2},"end":{"line":50,"column":null}},"17":{"start":{"line":59,"column":2},"end":{"line":77,"column":null}},"18":{"start":{"line":64,"column":4},"end":{"line":76,"column":null}},"19":{"start":{"line":65,"column":6},"end":{"line":69,"column":null}},"20":{"start":{"line":70,"column":6},"end":{"line":70,"column":null}},"21":{"start":{"line":72,"column":6},"end":{"line":74,"column":null}},"22":{"start":{"line":73,"column":8},"end":{"line":73,"column":null}},"23":{"start":{"line":75,"column":6},"end":{"line":75,"column":null}},"24":{"start":{"line":78,"column":2},"end":{"line":78,"column":null}},"25":{"start":{"line":86,"column":15},"end":{"line":86,"column":null}},"26":{"start":{"line":87,"column":2},"end":{"line":87,"column":null}},"27":{"start":{"line":88,"column":2},"end":{"line":88,"column":null}},"28":{"start":{"line":89,"column":2},"end":{"line":89,"column":null}},"29":{"start":{"line":90,"column":2},"end":{"line":90,"column":null}},"30":{"start":{"line":91,"column":2},"end":{"line":91,"column":null}}},"fnMap":{"0":{"name":"generateShareImage","decl":{"start":{"line":10,"column":22},"end":{"line":10,"column":41}},"loc":{"start":{"line":10,"column":78},"end":{"line":36,"column":null}},"line":10},"1":{"name":"(anonymous_1)","decl":{"start":{"line":13,"column":27},"end":{"line":13,"column":49}},"loc":{"start":{"line":14,"column":6},"end":{"line":14,"column":null}},"line":14},"2":{"name":"createCanvas","decl":{"start":{"line":43,"column":15},"end":{"line":43,"column":28}},"loc":{"start":{"line":43,"column":78},"end":{"line":51,"column":null}},"line":43},"3":{"name":"shareViaWebAPI","decl":{"start":{"line":58,"column":15},"end":{"line":58,"column":30}},"loc":{"start":{"line":58,"column":60},"end":{"line":79,"column":null}},"line":58},"4":{"name":"downloadCanvas","decl":{"start":{"line":85,"column":9},"end":{"line":85,"column":24}},"loc":{"start":{"line":85,"column":57},"end":{"line":92,"column":null}},"line":85}},"branchMap":{"0":{"loc":{"start":{"line":17,"column":4},"end":{"line":21,"column":null}},"type":"if","locations":[{"start":{"line":17,"column":4},"end":{"line":21,"column":null}},{"start":{},"end":{}}],"line":17},"1":{"loc":{"start":{"line":28,"column":4},"end":{"line":30,"column":null}},"type":"if","locations":[{"start":{"line":28,"column":4},"end":{"line":30,"column":null}},{"start":{},"end":{}}],"line":28},"2":{"loc":{"start":{"line":32,"column":20},"end":{"line":32,"column":null}},"type":"cond-expr","locations":[{"start":{"line":32,"column":45},"end":{"line":32,"column":61}},{"start":{"line":32,"column":61},"end":{"line":32,"column":null}}],"line":32},"3":{"loc":{"start":{"line":59,"column":2},"end":{"line":77,"column":null}},"type":"if","locations":[{"start":{"line":59,"column":2},"end":{"line":77,"column":null}},{"start":{},"end":{}}],"line":59},"4":{"loc":{"start":{"line":60,"column":4},"end":{"line":62,"column":null}},"type":"binary-expr","locations":[{"start":{"line":60,"column":4},"end":{"line":60,"column":null}},{"start":{"line":61,"column":4},"end":{"line":61,"column":null}},{"start":{"line":62,"column":4},"end":{"line":62,"column":null}}],"line":60},"5":{"loc":{"start":{"line":72,"column":6},"end":{"line":74,"column":null}},"type":"if","locations":[{"start":{"line":72,"column":6},"end":{"line":74,"column":null}},{"start":{},"end":{}}],"line":72},"6":{"loc":{"start":{"line":72,"column":10},"end":{"line":72,"column":75}},"type":"binary-expr","locations":[{"start":{"line":72,"column":10},"end":{"line":72,"column":41}},{"start":{"line":72,"column":41},"end":{"line":72,"column":75}}],"line":72}},"s":{"0":3,"1":3,"2":3,"3":3,"4":3,"5":0,"6":0,"7":0,"8":3,"9":3,"10":3,"11":2,"12":0,"13":0,"14":0,"15":3,"16":3,"17":3,"18":2,"19":2,"20":1,"21":1,"22":0,"23":1,"24":2,"25":2,"26":2,"27":2,"28":2,"29":2,"30":2},"f":{"0":3,"1":3,"2":3,"3":3,"4":2},"b":{"0":[0,3],"1":[2,1],"2":[0,0],"3":[2,1],"4":[3,3,3],"5":[0,1],"6":[1,1]},"meta":{"lastBranch":7,"lastFunction":5,"lastStatement":31,"seen":{"f:10:22:10:41":0,"s:11:2:35:Infinity":0,"s:12:19:12:Infinity":1,"s:13:17:15:Infinity":2,"f:13:27:13:49":1,"s:14:6:14:Infinity":3,"b:17:4:21:Infinity:undefined:undefined:undefined:undefined":0,"s:17:4:21:Infinity":4,"s:18:6:18:Infinity":5,"s:19:6:19:Infinity":6,"s:20:6:20:Infinity":7,"s:23:17:25:Infinity":8,"s:27:19:27:Infinity":9,"b:28:4:30:Infinity:undefined:undefined:undefined:undefined":1,"s:28:4:30:Infinity":10,"s:29:6:29:Infinity":11,"s:32:20:32:Infinity":12,"b:32:45:32:61:32:61:32:Infinity":2,"s:33:4:33:Infinity":13,"s:34:4:34:Infinity":14,"f:43:15:43:28":2,"s:44:8:44:Infinity":15,"s:45:2:50:Infinity":16,"f:58:15:58:30":3,"b:59:2:77:Infinity:undefined:undefined:undefined:undefined":3,"s:59:2:77:Infinity":17,"b:60:4:60:Infinity:61:4:61:Infinity:62:4:62:Infinity":4,"s:64:4:76:Infinity":18,"s:65:6:69:Infinity":19,"s:70:6:70:Infinity":20,"b:72:6:74:Infinity:undefined:undefined:undefined:undefined":5,"s:72:6:74:Infinity":21,"b:72:10:72:41:72:41:72:75":6,"s:73:8:73:Infinity":22,"s:75:6:75:Infinity":23,"s:78:2:78:Infinity":24,"f:85:9:85:24":4,"s:86:15:86:Infinity":25,"s:87:2:87:Infinity":26,"s:88:2:88:Infinity":27,"s:89:2:89:Infinity":28,"s:90:2:90:Infinity":29,"s:91:2:91:Infinity":30},"fnNames":{}}}
,"C:\\Users\\piyus\\Downloads\\EarthPulse\\src\\utils\\supabase.ts": {"path":"C:\\Users\\piyus\\Downloads\\EarthPulse\\src\\utils\\supabase.ts","statementMap":{"0":{"start":{"line":21,"column":18},"end":{"line":21,"column":null}},"1":{"start":{"line":22,"column":2},"end":{"line":25,"column":null}},"2":{"start":{"line":23,"column":4},"end":{"line":23,"column":null}},"3":{"start":{"line":24,"column":4},"end":{"line":24,"column":null}},"4":{"start":{"line":26,"column":2},"end":{"line":26,"column":null}},"5":{"start":{"line":40,"column":23},"end":{"line":40,"column":null}},"6":{"start":{"line":41,"column":28},"end":{"line":41,"column":null}},"7":{"start":{"line":43,"column":2},"end":{"line":46,"column":null}},"8":{"start":{"line":44,"column":4},"end":{"line":44,"column":null}},"9":{"start":{"line":45,"column":4},"end":{"line":45,"column":null}},"10":{"start":{"line":48,"column":2},"end":{"line":70,"column":null}},"11":{"start":{"line":49,"column":21},"end":{"line":62,"column":null}},"12":{"start":{"line":64,"column":4},"end":{"line":66,"column":null}},"13":{"start":{"line":65,"column":6},"end":{"line":65,"column":null}},"14":{"start":{"line":68,"column":20},"end":{"line":68,"column":null}},"15":{"start":{"line":69,"column":4},"end":{"line":69,"column":null}},"16":{"start":{"line":79,"column":23},"end":{"line":79,"column":null}},"17":{"start":{"line":80,"column":28},"end":{"line":80,"column":null}},"18":{"start":{"line":82,"column":2},"end":{"line":84,"column":null}},"19":{"start":{"line":83,"column":4},"end":{"line":83,"column":null}},"20":{"start":{"line":86,"column":2},"end":{"line":116,"column":null}},"21":{"start":{"line":87,"column":21},"end":{"line":97,"column":null}},"22":{"start":{"line":99,"column":4},"end":{"line":102,"column":null}},"23":{"start":{"line":100,"column":6},"end":{"line":100,"column":null}},"24":{"start":{"line":101,"column":6},"end":{"line":101,"column":null}},"25":{"start":{"line":104,"column":17},"end":{"line":104,"column":null}},"26":{"start":{"line":106,"column":4},"end":{"line":106,"column":null}},"27":{"start":{"line":106,"column":34},"end":{"line":106,"column":null}},"28":{"start":{"line":108,"column":4},"end":{"line":110,"column":null}},"29":{"start":{"line":109,"column":6},"end":{"line":109,"column":null}},"30":{"start":{"line":111,"column":4},"end":{"line":111,"column":null}},"31":{"start":{"line":113,"column":20},"end":{"line":113,"column":null}},"32":{"start":{"line":114,"column":4},"end":{"line":114,"column":null}},"33":{"start":{"line":115,"column":4},"end":{"line":115,"column":null}}},"fnMap":{"0":{"name":"getSessionId","decl":{"start":{"line":20,"column":9},"end":{"line":20,"column":32}},"loc":{"start":{"line":20,"column":32},"end":{"line":27,"column":null}},"line":20},"1":{"name":"savePledge","decl":{"start":{"line":36,"column":22},"end":{"line":36,"column":null}},"loc":{"start":{"line":39,"column":17},"end":{"line":71,"column":null}},"line":39},"2":{"name":"getTotalPledged","decl":{"start":{"line":78,"column":22},"end":{"line":78,"column":64}},"loc":{"start":{"line":78,"column":64},"end":{"line":117,"column":null}},"line":78}},"branchMap":{"0":{"loc":{"start":{"line":22,"column":2},"end":{"line":25,"column":null}},"type":"if","locations":[{"start":{"line":22,"column":2},"end":{"line":25,"column":null}},{"start":{},"end":{}}],"line":22},"1":{"loc":{"start":{"line":43,"column":2},"end":{"line":46,"column":null}},"type":"if","locations":[{"start":{"line":43,"column":2},"end":{"line":46,"column":null}},{"start":{},"end":{}}],"line":43},"2":{"loc":{"start":{"line":43,"column":6},"end":{"line":43,"column":43}},"type":"binary-expr","locations":[{"start":{"line":43,"column":6},"end":{"line":43,"column":23}},{"start":{"line":43,"column":23},"end":{"line":43,"column":43}}],"line":43},"3":{"loc":{"start":{"line":64,"column":4},"end":{"line":66,"column":null}},"type":"if","locations":[{"start":{"line":64,"column":4},"end":{"line":66,"column":null}},{"start":{},"end":{}}],"line":64},"4":{"loc":{"start":{"line":68,"column":20},"end":{"line":68,"column":null}},"type":"cond-expr","locations":[{"start":{"line":68,"column":45},"end":{"line":68,"column":61}},{"start":{"line":68,"column":61},"end":{"line":68,"column":null}}],"line":68},"5":{"loc":{"start":{"line":82,"column":2},"end":{"line":84,"column":null}},"type":"if","locations":[{"start":{"line":82,"column":2},"end":{"line":84,"column":null}},{"start":{},"end":{}}],"line":82},"6":{"loc":{"start":{"line":82,"column":6},"end":{"line":82,"column":43}},"type":"binary-expr","locations":[{"start":{"line":82,"column":6},"end":{"line":82,"column":23}},{"start":{"line":82,"column":23},"end":{"line":82,"column":43}}],"line":82},"7":{"loc":{"start":{"line":99,"column":4},"end":{"line":102,"column":null}},"type":"if","locations":[{"start":{"line":99,"column":4},"end":{"line":102,"column":null}},{"start":{},"end":{}}],"line":99},"8":{"loc":{"start":{"line":106,"column":4},"end":{"line":106,"column":null}},"type":"if","locations":[{"start":{"line":106,"column":4},"end":{"line":106,"column":null}},{"start":{},"end":{}}],"line":106},"9":{"loc":{"start":{"line":108,"column":4},"end":{"line":110,"column":null}},"type":"if","locations":[{"start":{"line":108,"column":4},"end":{"line":110,"column":null}},{"start":{},"end":{}}],"line":108},"10":{"loc":{"start":{"line":108,"column":8},"end":{"line":108,"column":48}},"type":"binary-expr","locations":[{"start":{"line":108,"column":8},"end":{"line":108,"column":31}},{"start":{"line":108,"column":31},"end":{"line":108,"column":48}}],"line":108},"11":{"loc":{"start":{"line":109,"column":13},"end":{"line":109,"column":null}},"type":"binary-expr","locations":[{"start":{"line":109,"column":13},"end":{"line":109,"column":50}},{"start":{"line":109,"column":50},"end":{"line":109,"column":null}}],"line":109},"12":{"loc":{"start":{"line":109,"column":20},"end":{"line":109,"column":45}},"type":"binary-expr","locations":[{"start":{"line":109,"column":20},"end":{"line":109,"column":38}},{"start":{"line":109,"column":38},"end":{"line":109,"column":45}}],"line":109},"13":{"loc":{"start":{"line":111,"column":11},"end":{"line":111,"column":null}},"type":"cond-expr","locations":[{"start":{"line":111,"column":55},"end":{"line":111,"column":81}},{"start":{"line":111,"column":81},"end":{"line":111,"column":null}}],"line":111},"14":{"loc":{"start":{"line":111,"column":11},"end":{"line":111,"column":55}},"type":"binary-expr","locations":[{"start":{"line":111,"column":11},"end":{"line":111,"column":39}},{"start":{"line":111,"column":39},"end":{"line":111,"column":55}}],"line":111},"15":{"loc":{"start":{"line":111,"column":62},"end":{"line":111,"column":77}},"type":"binary-expr","locations":[{"start":{"line":111,"column":62},"end":{"line":111,"column":76}},{"start":{"line":111,"column":76},"end":{"line":111,"column":77}}],"line":111},"16":{"loc":{"start":{"line":113,"column":20},"end":{"line":113,"column":null}},"type":"cond-expr","locations":[{"start":{"line":113,"column":45},"end":{"line":113,"column":61}},{"start":{"line":113,"column":61},"end":{"line":113,"column":null}}],"line":113}},"s":{"0":2,"1":2,"2":1,"3":1,"4":2,"5":3,"6":3,"7":3,"8":1,"9":1,"10":2,"11":2,"12":2,"13":1,"14":0,"15":0,"16":4,"17":4,"18":4,"19":1,"20":3,"21":3,"22":2,"23":0,"24":0,"25":2,"26":2,"27":1,"28":1,"29":1,"30":0,"31":1,"32":1,"33":1},"f":{"0":2,"1":3,"2":4},"b":{"0":[1,1],"1":[1,2],"2":[3,2],"3":[1,1],"4":[0,0],"5":[1,3],"6":[4,3],"7":[0,2],"8":[1,1],"9":[1,0],"10":[1,1],"11":[1,0],"12":[1,0],"13":[0,0],"14":[0,0],"15":[0,0],"16":[1,0]},"meta":{"lastBranch":17,"lastFunction":3,"lastStatement":34,"seen":{"f:20:9:20:32":0,"s:21:18:21:Infinity":0,"b:22:2:25:Infinity:undefined:undefined:undefined:undefined":0,"s:22:2:25:Infinity":1,"s:23:4:23:Infinity":2,"s:24:4:24:Infinity":3,"s:26:2:26:Infinity":4,"f:36:22:36:Infinity":1,"s:40:23:40:Infinity":5,"s:41:28:41:Infinity":6,"b:43:2:46:Infinity:undefined:undefined:undefined:undefined":1,"s:43:2:46:Infinity":7,"b:43:6:43:23:43:23:43:43":2,"s:44:4:44:Infinity":8,"s:45:4:45:Infinity":9,"s:48:2:70:Infinity":10,"s:49:21:62:Infinity":11,"b:64:4:66:Infinity:undefined:undefined:undefined:undefined":3,"s:64:4:66:Infinity":12,"s:65:6:65:Infinity":13,"s:68:20:68:Infinity":14,"b:68:45:68:61:68:61:68:Infinity":4,"s:69:4:69:Infinity":15,"f:78:22:78:64":2,"s:79:23:79:Infinity":16,"s:80:28:80:Infinity":17,"b:82:2:84:Infinity:undefined:undefined:undefined:undefined":5,"s:82:2:84:Infinity":18,"b:82:6:82:23:82:23:82:43":6,"s:83:4:83:Infinity":19,"s:86:2:116:Infinity":20,"s:87:21:97:Infinity":21,"b:99:4:102:Infinity:undefined:undefined:undefined:undefined":7,"s:99:4:102:Infinity":22,"s:100:6:100:Infinity":23,"s:101:6:101:Infinity":24,"s:104:17:104:Infinity":25,"b:106:4:106:Infinity:undefined:undefined:undefined:undefined":8,"s:106:4:106:Infinity":26,"s:106:34:106:Infinity":27,"b:108:4:110:Infinity:undefined:undefined:undefined:undefined":9,"s:108:4:110:Infinity":28,"b:108:8:108:31:108:31:108:48":10,"s:109:6:109:Infinity":29,"b:109:13:109:50:109:50:109:Infinity":11,"b:109:20:109:38:109:38:109:45":12,"s:111:4:111:Infinity":30,"b:111:55:111:81:111:81:111:Infinity":13,"b:111:11:111:39:111:39:111:55":14,"b:111:62:111:76:111:76:111:77":15,"s:113:20:113:Infinity":31,"b:113:45:113:61:113:61:113:Infinity":16,"s:114:4:114:Infinity":32,"s:115:4:115:Infinity":33},"fnNames":{}}}
}
